182
9
8
8584
87105
79449
56247
16
19065
24013
163943
9535
59736897
107746
681
770301
130784
33585
70173
964016
164755
127095
17975
144585
15854
33998
25141
90781
9806
31303
13454
90675
1020525
52007
163531
82657
785101
31154
2032803
173087
137989
19080
124943
6173
67296
116739
59695
5385145
913109
227250
4279
2
37284
5121268
34312
162506
4221
9440
5059982
38168
121583
103515
61326
9325
4238
9409988681
177328
1
13783
32819
18170
21794
912120
111503
50302
4311
187411
12028
797950
8551
149453
7070
66766
6155
44465
796
22662
30435
7
5
15931
111789
4
34996
6252
91998
322013
130778
313778
139999
73978
43054
38764
94817
127028
197328
3918
36588
98184
91530
2
21788
8823
52839
19615
9712
783849
777200
30554
75892
12635
208703
141660
94145
279919
58794
7890
70480
183834
2066024
129245
21885
122075
10178
65856
941367
61188
791146
868
16332
82306
74834
151866
223736
223343
191705
133731
32955
1
2352
765512
38793
29348
122548
2
1982478
148580
41905
52968
25540
144436
64985
2
179246
171874
84046
25387
62234
204927
96
224757
5229723
249490
33488
12
18000
2001899
362928
8327
144869
18270
39193
41053
778617
265252
3707968692
70120
15573
3
48375
78528
201338
109810
13219
287450
91906
778
35347
206321
50284
