16 6
17 4
56 4
90 6
91 4
107 4
115 4
134 4
142 8
143 6
144 4
164 4
178 4
218 4
227 4
240 4
242 4
251 6
252 4
268 6
269 4
284 4
292 4
293 4
300 4
308 4
324 4
330 6
331 4
335 4
341 4
351 6
352 4
368 4
370 4
383 4
386 6
387 4
393 4
396 4
431 4
450 4
455 4
465 4
490 4
494 6
495 4
516 4
549 4
552 6
553 4
578 4
594 4
617 4
620 4
629 6
630 4
679 4
688 4
718 4
726 4
740 4
748 4
766 4
853 4
856 4
860 4
863 4
865 4
882 4
898 6
899 4
903 4
917 4
918 4
936 4
936 6
937 4
938 4
940 6
941 4
947 4
949 8
950 6
951 4
966 4
986 4
986 6
987 4
987 6
988 4
989 4
