Case 1:
2 / 1
....1
1.+.-
....1
Case 2:
12 / 5
........1....
2.+.---------
..........1..
....2.+.-----
............1
........1.+.-
............1
Case 3:
75 / 34
..........1......
2.+.-------------
............1....
....4.+.---------
..............1..
........1.+.-----
................1
............5.+.-
................1
Case 4:
146625 / 66470
..........1......
2.+.-------------
............1....
....4.+.---------
..............1..
........1.+.-----
................1
............5.+.-
................1
Case 5:
65 / 60
......1...
1.+.------
.........1
....11.+.-
.........1
Case 6:
16 / 8
....1
1.+.-
....1
Case 7:
12 / 6
....1
1.+.-
....1
Case 8:
100 / 3
.......1..
33.+.-----
.........1
.....2.+.-
.........1
Case 9:
1000 / 34
...........1......
29.+.-------------
.............1....
.....2.+.---------
...............1..
.........2.+.-----
.................1
.............2.+.-
.................1
Case 10:
1805 / 65
...........1......
27.+.-------------
.............1....
.....1.+.---------
...............1..
.........3.+.-----
.................1
.............2.+.-
.................1
Case 11:
123456789 / 23456789
......................1..................
5.+.-------------------------------------
........................1................
....3.+.---------------------------------
..........................1..............
........1.+.-----------------------------
............................1............
............3.+.-------------------------
..............................1..........
................1.+.---------------------
..................................1......
....................13565.+.-------------
....................................1....
............................1.+.---------
......................................1..
................................8.+.-----
........................................1
....................................9.+.-
........................................1
Case 12:
55 / 34
..................1..............
1.+.-----------------------------
....................1............
....1.+.-------------------------
......................1..........
........1.+.---------------------
........................1........
............1.+.-----------------
..........................1......
................1.+.-------------
............................1....
....................1.+.---------
..............................1..
........................1.+.-----
................................1
............................1.+.-
................................1
Case 13:
514229 / 317811
........................................................1....................................................
1.+.---------------------------------------------------------------------------------------------------------
..........................................................1..................................................
....1.+.-----------------------------------------------------------------------------------------------------
............................................................1................................................
........1.+.-------------------------------------------------------------------------------------------------
..............................................................1..............................................
............1.+.---------------------------------------------------------------------------------------------
................................................................1............................................
................1.+.-----------------------------------------------------------------------------------------
..................................................................1..........................................
....................1.+.-------------------------------------------------------------------------------------
....................................................................1........................................
........................1.+.---------------------------------------------------------------------------------
......................................................................1......................................
............................1.+.-----------------------------------------------------------------------------
........................................................................1....................................
................................1.+.-------------------------------------------------------------------------
..........................................................................1..................................
....................................1.+.---------------------------------------------------------------------
............................................................................1................................
........................................1.+.-----------------------------------------------------------------
..............................................................................1..............................
............................................1.+.-------------------------------------------------------------
................................................................................1............................
................................................1.+.---------------------------------------------------------
..................................................................................1..........................
....................................................1.+.-----------------------------------------------------
....................................................................................1........................
........................................................1.+.-------------------------------------------------
......................................................................................1......................
............................................................1.+.---------------------------------------------
........................................................................................1....................
................................................................1.+.-----------------------------------------
..........................................................................................1..................
....................................................................1.+.-------------------------------------
............................................................................................1................
........................................................................1.+.---------------------------------
..............................................................................................1..............
............................................................................1.+.-----------------------------
................................................................................................1............
................................................................................1.+.-------------------------
..................................................................................................1..........
....................................................................................1.+.---------------------
....................................................................................................1........
........................................................................................1.+.-----------------
......................................................................................................1......
............................................................................................1.+.-------------
........................................................................................................1....
................................................................................................1.+.---------
..........................................................................................................1..
....................................................................................................1.+.-----
............................................................................................................1
........................................................................................................1.+.-
............................................................................................................1
Case 14:
514229 / 2854
....................1...............
180.+.------------------------------
......................1.............
......5.+.--------------------------
........................1...........
..........1.+.----------------------
..........................1.........
..............1.+.------------------
............................1.......
..................1.+.--------------
..............................1.....
......................1.+.----------
................................1...
..........................5.+.------
...................................1
..............................17.+.-
...................................1
Case 15:
2592 / 677
................1............
3.+.-------------------------
..................1..........
....1.+.---------------------
....................1........
........4.+.-----------------
......................1......
............1.+.-------------
........................1....
................5.+.---------
..........................1..
....................9.+.-----
............................1
........................1.+.-
............................1
Case 16:
362769 / 94751
......................1..................
3.+.-------------------------------------
........................1................
....1.+.---------------------------------
..........................1..............
........4.+.-----------------------------
............................1............
............1.+.-------------------------
..............................1..........
................5.+.---------------------
................................1........
....................9.+.-----------------
..................................1......
........................2.+.-------------
....................................1....
............................6.+.---------
......................................1..
................................5.+.-----
........................................1
....................................3.+.-
........................................1
Case 17:
109640009 / 28636682
............................1........................
3.+.-------------------------------------------------
..............................1......................
....1.+.---------------------------------------------
................................1....................
........4.+.-----------------------------------------
..................................1..................
............1.+.-------------------------------------
....................................1................
................5.+.---------------------------------
......................................1..............
....................9.+.-----------------------------
........................................1............
........................2.+.-------------------------
..........................................1..........
............................6.+.---------------------
............................................1........
................................5.+.-----------------
..............................................1......
....................................3.+.-------------
................................................1....
........................................5.+.---------
..................................................1..
............................................8.+.-----
....................................................1
................................................8.+.-
....................................................1
Case 18:
779499191 / 203596029
..............................1..........................
3.+.-----------------------------------------------------
................................1........................
....1.+.-------------------------------------------------
..................................1......................
........4.+.---------------------------------------------
....................................1....................
............1.+.-----------------------------------------
......................................1..................
................5.+.-------------------------------------
........................................1................
....................9.+.---------------------------------
..........................................1..............
........................2.+.-----------------------------
............................................1............
............................6.+.-------------------------
..............................................1..........
................................5.+.---------------------
................................................1........
....................................3.+.-----------------
..................................................1......
........................................5.+.-------------
....................................................1....
............................................8.+.---------
......................................................1..
................................................9.+.-----
........................................................1
....................................................6.+.-
........................................................1
Case 19:
7125132728 / 1861000943
................................1............................
3.+.---------------------------------------------------------
..................................1..........................
....1.+.-----------------------------------------------------
....................................1........................
........4.+.-------------------------------------------------
......................................1......................
............1.+.---------------------------------------------
........................................1....................
................5.+.-----------------------------------------
..........................................1..................
....................9.+.-------------------------------------
............................................1................
........................2.+.---------------------------------
..............................................1..............
............................6.+.-----------------------------
................................................1............
................................5.+.-------------------------
..................................................1..........
....................................3.+.---------------------
....................................................1........
........................................5.+.-----------------
......................................................1......
............................................8.+.-------------
........................................................1....
................................................9.+.---------
..........................................................1..
....................................................7.+.-----
............................................................1
........................................................8.+.-
............................................................1
Case 20:
253187 / 82442
.................1.............
3.+.---------------------------
...................1...........
....14.+.----------------------
......................1........
.........15.+.-----------------
........................1......
..............9.+.-------------
..........................1....
..................2.+.---------
............................1..
......................6.+.-----
..............................1
..........................2.+.-
..............................1
Case 21:
1800921 / 586411
..............1..........
3.+.---------------------
................1........
....14.+.----------------
...................1.....
.........15.+.-----------
......................1..
..............926.+.-----
........................1
....................2.+.-
........................1
Case 22:
6002467 / 1954507
............1.........
3.+.------------------
...............1......
....14.+.-------------
.................1....
.........15.+.--------
.....................1
..............9262.+.-
.....................1
Case 23:
138946 / 9263
........1....
15.+.--------
............1
.....9262.+.-
............1
Case 24:
9999999999 / 9999999998
..........1.......
1.+.--------------
.................1
....9999999997.+.-
.................1