Quilt 1:
||--
||--
--||
--||
Quilt 2:
error
Quilt 3:
\\//
+\/+
+/\+
//\\
Quilt 4:
\\\+\\\+
+\\\+\\\
\\\+\\\+
+\\\+\\\
Quilt 5:
||--||--||--||--||--||--||--||--||--||--||--||--||--||--||--||--
||--||--||--||--||--||--||--||--||--||--||--||--||--||--||--||--
--||--||--||--||--||--||--||--||--||--||--||--||--||--||--||--||
--||--||--||--||--||--||--||--||--||--||--||--||--||--||--||--||
||--||--||--||--||--||--||--||--||--||--||--||--||--||--||--||--
||--||--||--||--||--||--||--||--||--||--||--||--||--||--||--||--
--||--||--||--||--||--||--||--||--||--||--||--||--||--||--||--||
--||--||--||--||--||--||--||--||--||--||--||--||--||--||--||--||
||--||--||--||--||--||--||--||--||--||--||--||--||--||--||--||--
||--||--||--||--||--||--||--||--||--||--||--||--||--||--||--||--
--||--||--||--||--||--||--||--||--||--||--||--||--||--||--||--||
--||--||--||--||--||--||--||--||--||--||--||--||--||--||--||--||
Quilt 6:
||--||--||--
||--||--||--
--||--||--||
--||--||--||
||--||--||--
||--||--||--
--||--||--||
--||--||--||
||--||--||--
||--||--||--
--||--||--||
--||--||--||
||--||--||--
||--||--||--
--||--||--||
--||--||--||
||--||--||--
||--||--||--
--||--||--||
--||--||--||
||--||--||--
||--||--||--
--||--||--||
--||--||--||
||--||--||--
||--||--||--
--||--||--||
--||--||--||
||--||--||--
||--||--||--
--||--||--||
--||--||--||
||--||--||--
||--||--||--
--||--||--||
--||--||--||
||--||--||--
||--||--||--
--||--||--||
--||--||--||
||--||--||--
||--||--||--
--||--||--||
--||--||--||
||--||--||--
||--||--||--
--||--||--||
--||--||--||
||--||--||--
||--||--||--
--||--||--||
--||--||--||
||--||--||--
||--||--||--
--||--||--||
--||--||--||
||--||--||--
||--||--||--
--||--||--||
--||--||--||
||--||--||--
||--||--||--
--||--||--||
--||--||--||
Quilt 7:
\\+/\\+/\\+/\\+/\\+/\\+/\\+/\\+/\\+/\\+/\\+/\\+/\\+/\\+/\\+/\\+/
+\//+\//+\//+\//+\//+\//+\//+\//+\//+\//+\//+\//+\//+\//+\//+\//
+/\\+/\\+/\\+/\\+/\\+/\\+/\\+/\\+/\\+/\\+/\\+/\\+/\\+/\\+/\\+/\\
//+\//+\//+\//+\//+\//+\//+\//+\//+\//+\//+\//+\//+\//+\//+\//+\
\\+/\\+/\\+/\\+/\\+/\\+/\\+/\\+/\\+/\\+/\\+/\\+/\\+/\\+/\\+/\\+/
+\//+\//+\//+\//+\//+\//+\//+\//+\//+\//+\//+\//+\//+\//+\//+\//
+/\\+/\\+/\\+/\\+/\\+/\\+/\\+/\\+/\\+/\\+/\\+/\\+/\\+/\\+/\\+/\\
//+\//+\//+\//+\//+\//+\//+\//+\//+\//+\//+\//+\//+\//+\//+\//+\
\\+/\\+/\\+/\\+/\\+/\\+/\\+/\\+/\\+/\\+/\\+/\\+/\\+/\\+/\\+/\\+/
+\//+\//+\//+\//+\//+\//+\//+\//+\//+\//+\//+\//+\//+\//+\//+\//
+/\\+/\\+/\\+/\\+/\\+/\\+/\\+/\\+/\\+/\\+/\\+/\\+/\\+/\\+/\\+/\\
//+\//+\//+\//+\//+\//+\//+\//+\//+\//+\//+\//+\//+\//+\//+\//+\
Quilt 8:
\++/\++/\++/
\\//\\//\\//
+/\++/\++/\+
//\\//\\//\\
\++/\++/\++/
\\//\\//\\//
+/\++/\++/\+
//\\//\\//\\
\++/\++/\++/
\\//\\//\\//
+/\++/\++/\+
//\\//\\//\\
\++/\++/\++/
\\//\\//\\//
+/\++/\++/\+
//\\//\\//\\
\++/\++/\++/
\\//\\//\\//
+/\++/\++/\+
//\\//\\//\\
\++/\++/\++/
\\//\\//\\//
+/\++/\++/\+
//\\//\\//\\
\++/\++/\++/
\\//\\//\\//
+/\++/\++/\+
//\\//\\//\\
\++/\++/\++/
\\//\\//\\//
+/\++/\++/\+
//\\//\\//\\
\++/\++/\++/
\\//\\//\\//
+/\++/\++/\+
//\\//\\//\\
\++/\++/\++/
\\//\\//\\//
+/\++/\++/\+
//\\//\\//\\
\++/\++/\++/
\\//\\//\\//
+/\++/\++/\+
//\\//\\//\\
\++/\++/\++/
\\//\\//\\//
+/\++/\++/\+
//\\//\\//\\
\++/\++/\++/
\\//\\//\\//
+/\++/\++/\+
//\\//\\//\\
\++/\++/\++/
\\//\\//\\//
+/\++/\++/\+
//\\//\\//\\
\++/\++/\++/
\\//\\//\\//
+/\++/\++/\+
//\\//\\//\\
\++/\++/\++/
\\//\\//\\//
+/\++/\++/\+
//\\//\\//\\
Quilt 9:
error
Quilt 10:
+/+/
////
||||
||||
\\\\
+\+\
Quilt 11:
\+\+
\\\\
||||
||||
////
/+/+
Quilt 12:
+/+/\+\+
////\\\\
||||||||
||||||||
\\\\////
+\+\/+/+
