1
1
0
10
000
111100100
1
0
01
11
10
11
10
00
00
01
11
10
00
01
001
011
010
110
111
101
100
011
010
110
111
101
100
000
110
111
101
100
000
001
011
010
110
111
101
100
000
001
000
001
011
010
110
111
101
100
000
001
011
010
110
111
111
101
100
000
001
011
010
101
100
000
001
011
010
110
0001
0011
0010
0110
0111
0101
0100
1100
1101
1111
1110
1010
1011
1001
1000
0011
0010
0110
0111
0101
0100
1100
1101
1111
1110
1010
1011
1001
1000
0000
0110
0111
0101
0100
1100
1101
1111
1110
1010
1011
1001
1000
0000
0001
0011
0010
0110
0111
0101
0100
1100
1101
1111
1110
1010
1011
1001
1000
0000
0001
1100
1101
1111
1110
1010
1011
1001
1000
0000
0001
0011
0010
0110
0111
0101
0100
1100
1101
1111
1110
1010
1011
1001
1000
0000
0001
0011
0010
0110
0111
0111
0101
0100
1100
1101
1111
1110
1010
1011
1001
1000
0000
0001
0011
0010
0101
0100
1100
1101
1111
1110
1010
1011
1001
1000
0000
0001
0011
0010
0110
0000
0001
0011
0010
0110
0111
0101
0100
1100
1101
1111
1110
1010
1011
1001
1000
0000
0001
0011
0010
0110
0111
0101
0100
1100
1101
1111
1110
1010
1011
1011
1001
1000
0000
0001
0011
0010
0110
0111
0101
0100
1100
1101
1111
1110
1001
1000
0000
0001
0011
0010
0110
0111
0101
0100
1100
1101
1111
1110
1010
1101
1111
1110
1010
1011
1001
1000
0000
0001
0011
0010
0110
0111
0101
0100
1111
1110
1010
1011
1001
1000
0000
0001
0011
0010
0110
0111
0101
0100
1100
1010
1011
1001
1000
0000
0001
0011
0010
0110
0111
0101
0100
1100
1101
1111
1110
1010
1011
1001
1000
0000
0001
0011
0010
0110
0111
0101
0100
1100
1101
101101011110010000101111110101101110000100000011100010101110010001010001110001111
01101011011011010111010011110111000101110000111001000100110
1000011000011010101000001110001011
110001001
1000001001111001001110011011101111100100
10101111000011101000011101111001010
011110111011111011001101110111011100101110111011011101011100001100111
111100011011101100100100011000000110010110011100101011100110111011010001100
0100111000100011110000001111000100110011111010000101111011111110000111011000000110110111
101001000110000111010001101000110111111001000010111010000000001011100
11110000001010011100101010
010000110101110011011110100011111111101110111101011111011
101
1110000010001110001101001000011100110001110000100100101001101
0000010010011100001011111101101011001011000101110010111101100111100011111100
00100010100111011000001011001110101110100101011
11001111000101000011001100111001001011
101110010110110
000110101000000
1011000101010001011001111011011011001000010000011101010011100111010111001000000111011101010011001100
01000111010110000100011101010000111000
01111101101
11111110111101010001000101
11110010111101000011111110101010110001111001010011010011101
0100101111100110110100100010
011001010110110011011100001000001110111001100001110010110110101101
000001100110010110010101101001011110000101001100000111111100111110110110110101110000111010010100
011110110111010110001010011100010101
000010010110011010011101100011000111111000000010000011101101100101101101001
01001101111101101000010111110110010100001110101101010100101100000000100010000011101101011011
1110110000000100100011
11101110011000100111000110100000100010110111101011010111010110
001111011010101011000000001111110110010100010000010011011110111111000111101
01001010101101011
0001010111010100101110000111011111101111001011101111011001010111100101000001110001000
1011100101010010011000111111111000001111011111010
1010011100101110010111001010110100101000101100110100101110110100110100111100011
10110000001111
01010011011011110001010111101100000100001010011010001101100110000001000000
0010001000000010000110000000111101101001000010011111011111000000
1010100011110001100
0011101000100101001011000110110000000001011100010100110110110010111111100001011101101110011111110
0101010100111001011011010001000100010
1100000111010001010100111101010001010101001011101100001100101000001011100
101000111001000010001000000001011111011001100111110101100
0001110100100000101110011
0001010010011100100111111110111000000001100110110001100100
0110101101100001011000100100101001011001100100000011000110100011111000000100000011011100101100
0010101011111111101010100111101000100000110111111000100011011011011101000001011001
10011101011100101101110100100010101010011100010110011000101011010010
1000000011100011010101101000110
00100001111101100
11100100111000111011
1100100101001100110
1001101000010000111101000011010100101110100110001100010111000
0100101111010001000101110111110
0111111111001011111
01011011101011111100
011000110000110111101011111101111100100111000011001101100110101111100001010000111
101101001110001011000011110111101111010010110101110010111110001001011001000110101111010000100101101
0001000111010011000101111
0110111110001000101111
10100
011010101111000001001001011001000001111100000000011110100110101001001111101010000
0100101110000010011001
10010000101010110011000000111001011001100001100110000010100001
1001110011001111010111011001110100000011101110111100101100111010010010101001011100100100011110010
000011101111110101000110000011101011100010
00111101111011101010011010110000100000101110
101100001001001011000000000010011001110111000000011011001
110100010011101100110000010100110100010011000010100100111
1010100100110101011000000101101101011010101011011011111
10001000100010111101111011111
10011010101110100100100110000111001111001000101010101111000110000100101010010001111
1010
0111110100011111000101111111100010110011111010110110010
0010101010000100111011000101111011
00011001011010011010
011010000100011000011001011101010100000011110011000100100101
00110011
10001111000001000010010101110101011001111001101001010000010010001001011
0001100110000111100
0100101101100100011100111110110001100000101101000110111101101100110111100100111101111000101101010011
011000000000001001001001110110000101100010010101100101110000010011100000110111111110101000100001100
1101010101101010000111
101
11000100100001101001010010011101101001100011100011101100111101111010110101100010110110
0000100100000001011001101010100111111011011101111101100001011101
010100110011001110100101000100010011011100100101001010110101011100110100101111001
0011010110101111101001000
101110010101001100111101001110111010110010111001100001110011001011000110101011111111100001011010
111111011010110001001010100100000111101010101001101101001001001100000000001010
101111101010010110010111100011101001110010100101
0101000100011000100100101000000110110001001100011101001101111101111
0001111100000110000011000100001001111100010010110000100000010
0000110100001100001111111011101011101100011100000
1011100011111111001
10001001010111111000000011100000011111111110011101111
10
10011010101010010110010101011010010001111110000111011101100111101
1111010100010011111001011000001010
1110110010001101101011000011010000000100000010011010001100100000101100100011101010
01110101001000000010100100100100010000010111010000100001000100101000101011
000001101110111100101111010110
011110100010011011101110010101111000011101011110101110110110110000100011011001011100110110111101110
00000011101000111000011100011101011101101100001000011110000
1100101111111101011001100011001000010011010010011
000000001011011110011110001110000011100001110111001110100011011010000100000101100100001
001000101011011000101010010010011111
11100111101101110111011111110111101010011
1111011011111100001111
11101001000001001111100100100100001000111100111000100101110101101100000111110001110010
0000000101101111110011011001010010000001011010001011001010000101101100111101110
01010001111110001110011001001111110111101110110101110100111100100010110110100010000111000
0010100100000010011101000010010001110100100111011000111000111000010
001101110000
000100110110001
01101010010111110001011001010110010101101100100001001011111110111100110101001111111010101000110
101001001110001100
00010001001010001011011110101000000101101011110011100110010011
111111011001000101111100001100100110100100001100101110111111111000110011111
0001011100010110101001010101101010
0110110011111000101100100100
110111110100
0101110100011110001101011100110110111000101011101111000111110101001110100
10101001111110010010011000
0010011101001101
111110101001011100001101110111100101000011100100010110110100001110111111001100
1101010000001101010111001110010110100001101010000001000011100100
101111001000010001011100000
0011001000010001001000100000111111101001101111101111001011111000001001000110111100100010
01111100110100011101111100101100101010010110000001011011
001011000111010101001001001111101000111010000101011010010011110100100011
110101000111001101010000000010100001011100011001010100110110101010011010
101010101010011110100011010111110000101111101001110111101101111100101010010100
11010011001010001001000110100100111100
11100100000010001110111100100110100111001110010000100100000100111
0101111101001011110001100010100011110001011100010100100111111001111000110110100101110100001001010100
11000110010111001010010010111101000
111000010100101110100110100100101101
0000001011100010000010111011110100100010100011000111100101001000010111
01111011001000101010100000010100000000110000011010011111010110100101000011101110001011110011111
100110011001010101001011101011100011011110001010011110010101010111101001001011010101000111011010101
10111111011101100000110011001110110001011001001001011011110
1110011011100
1111101001001111100111111111000110
100001011011011111100011010
11011000111100000000001010100100011001100010001000010111
1101011100010011010101
1011101010000001110001100010111111110010100010110011000010001000110
0011100011000000000111010100000011010011100010110101010100011110100
1010001000110000001110001101100011000011010000101001000010010010
1110000010110111011000101010111101
0011111000001001101101111000110100111111101011000101100001
1010011011111110101110011010010001000001010011000000101110000000001011111100011100110011
001110011000111010010111111000110001010001100000000001011111000000000011110001000
11011
1100111110
000000100001011011100010011101011110010000001111101010110100101011011100100100001111000100100100100
101110110001000010000010011101110011100011001001110011
011101101001000100000
11111010000011001111110111000000001001110010
010001
010110000110010110001111100011110011010110110111110101101100110000100
111011101010000010101101000000001001001100000100010101011011101000111100101001001
11011101100100100111
1110010011010101101100010100010011110100100011010111
0011010010111101110100101001111000101011101101001110
1100111100010011100011110100101111110010110
01111010001100001011100000101111111111110010101100100011001011101110001001011110010011110
1011001110110010011110011010001011010010100100111000000110110101110111110011
001010101011101000100
000101011101101101010010101111011010001111010000110010001
00010000111111111010111011110101000001111011001101110000010
000011010
1001111100000010001010101100111011100001100010110000101111001010001000100110101011111
011001
10110100011111100010101000010111000101100110101101101110011000001101101110111111
10101001010011110100100
01001110110000001010110110101
10000111111100000001111011000001111000111010001000111101000100000110110010110001000101001101
1010001010111100010101100010100110001111000010011011101110000010100111110101011101
10100011001100101101011110101101111000001011
11
1000101100100110111000001001
0100000111100001001000111110100111110101000011011101101110000010100000000000011000011011010
1101000101110111100001010100001101011000111100101010110001101111
101010011010110110100010011111111000010011100010111110100100000000101000100110111110000101001
0100100001011000010001111
100010100011101110110100101001110111111111110100000000101001100
1010101010100011111001010110101111001111111100100001010111011011011110000111
1110000101000101100111101110110010100011010011110111010000001000000100100000010001010111001
110001010011111110111010001100001010111010110001100101011100010000100101111010011100110100101
0111011101001110000111111111000010111000001111100111101010011000101011111110111001001000110001100
10000100000000100110001011000101001011000110010010
00100110111100100111011100101000111110110100111111110100010101010100001111110
00001011011001100011010010011100000010011001011000111000101
111000110110011101111101000011100000100010
10010101001010001101001
11111011101001001110001001110100110011010110111110011011110011110110100011101100000010001011110
0010011010000001011101011110000001000111001001011111010001101011101100100111010010
011111101111111000
011
1111010011010000110111110011101100001001000100100111100011101101110101100
001010111111100111110001110101001100110
001011011001001010010111010111011000110010000
111000100001111
110000001111111110000001110010010111000011100111010101111001
011001100111100100100000001011111110001101110001110100111111111011011111010011101000010000000
10111110101011001101101101100100010111101101010010010111110011010111010
1000001111110010110000000001010000000001
00010101001
01010111000101111101000101001001001010100000000
0011110010100011000
100010101111101001011001100101001101011010101110001011011111101111101000010001000001111001010101100
100100000001010011000111000101111011
001101000010100011101101
0000110100010100010011010110011101
0011011100010001101001001110100001110100110001001110101100011011001110001111001
000000101101010011111111010001111010
000101010000101100111111111111110111100100110111000010
011010100011111010111001101011010101011111110001101011001001110011010100001
100010000101101011110110001100011000100100000000100100111101010010110010
100001111011011010011011000011100011110011110010100100100101101001111010100101101
1011111101
0010101110011100010010001111110101101110101110010001
01111111100110100101110100110010100001110110000100
101110100001
0111111011010100101001111100000100101001100100010100101110011100100000000
010001100111010000111001111001000101
110001111101
00111100010010111010000111111010011001100001
001110111000110110011111011000010110
111001110111110001010100001111001111011111010101011011001001001000000001000
111000111010001001101100
100010010101100001000000010111001
110111000101010101000101111101110110011001111010100001000110000100110101000011001
1101010
1111
1101100010100110000010000011001011111000011010110110100100111111010001111110
01111110010
111000010110101000010001010100011001100001001111000
1110101011111000
11110011000010000001100100101111010001110110100011111001110111111
0001100110011110111110010010010001000
101011001111011010001101111111010110000110010110
0111001000011100011100100110011000111
1001011110010010001
0010101100010111100101110101101101101110010011110000000111101001101100100010010001001111110101101001
10010111100110000011011000000000100101101011110011110011000101000010001111101111001
00
110101000000110011010011111001111100000010101100110110101010001001111001001101101010001111
0101001
01011110111001001000001011011000010000000110011110000110010101010111111
101111010010000010000111101001110111000110001001110011011000000001101100001111110110011
01110011000101001011101
101110110001110000000111010100101001100110101001010110101010000000001010110101111001110100100011000
011101011000100000001100111100011100101111011010010110011000011011011000000100100010110000
111
0101101100010101000101001010101100101010001100010011001
001001011001001100111001010001101111010100001
011100010001100010011011001011010111010101
0010111001111000001100000101010011011000010101
1100110110010110101100001110011001111000010
000111001101010011001101011011110001001011001010101110110000100110
100000101001101010110101100101011100000000001
11110000101110101
101001101010101100100
0110100
01001
001000
101000000110010110001101000100101000
01111011010001011011001
101110000011010100000000010100101101001110010100011010100000
110101110010011011110001011011101111100010011011000100011100011111100101010000110001
10100010101011000101010011000000100101110
111
001110100111101000110100110001100011111000010101010110011110010
101101
10001100011100011100010011010101110000000101010011001011010000110100011101100101000011010111011111
01101010110011101010111010111111101000111100011
010011110011101001000010100101011010100110100111001
10010101000111001001111001101010001110100111111101001000
1001010111010101
0010100111101000100111100100111011
1100111110001110101011001
0100010101110111001001110010011111000111001001000
1100101000110
11100001010010100000011001110110010010001011011000011101001001001110000111011000111
11011110011110101101001000110111010001111101001111111001011000011000111100001001110
10110100010000110100110100101111001101111110101011100001001010111011001000100010011000
11001100010001011000111001101011010101001100000111010000100001111011000100011
1111011010
111011001001001011010010011001111101110100010
01010100110101101111100100100011101111001111001101001101100000011100100000001001
10111101000011000011001001101111011111111000110101010111000011000110000
00111110000111000100010011010
10010001010001101000111011111000001110101011101000010101
111000
011000010110000010101101
11011111000011111011110001011101101001011000101010111000001100000000001111
001010110011010011001101001110000111101000100111010111010000
1000101101100110011101111101001000010
11000101011111111001100111111110
001100110101001001110010100101101010101001110011001110001010101111111100111010
11111000111010001000100100110111100100010111100110010110101110010001010111010
0000000001000011010010001011101111001111000111000111001100111001011100011001
11001100110110000101001110111110101110000101111110000110101
011100000111001101101010100111010010111001010001111110111010011111001000010010011111100110
110000100101010111010111110100010011111001111110001010001110101000110101110000111110011000
11010010000110101100101011010100
1100011111111000000000001000110001010000011011111110101101
111001101110110101001110011000001111001011110100101
000100101011000100101001110110110010000011000
01011101000011100
101010001000011111101100000101001001001000001110111101011010110
00010010000110000100111000011010101011000110100011101010001001100011010110100101110100
10001111010011010111111000110101010011101001011101110000100111001011011001
1011100011011110110000100111
110011100101101011010011011110000001101001000010000010111101101010011111010001100001110011010100100
11001110011000001101111011001111111100111101011111011101111111100001100010110
01010011110100110001111010110100111111101101111011101110001001010100011100
1000001010010000
10011010011110001101111101010
10101111111
01001111111
0110000100001110110100100000001001001110001
100100011001111110100010000111111011101011
1100101111
10000111100101010100001110111000110000000010100100000101100111111100101001101110011010010111011
10
10100001100000111110111101011101001110010100001111111111010001010011000101110001100100000001000111
011100111011100000111110110101000111000100011000001000111000101100011010011010000110110110110110001
001101001101001010110111000001010101111010110100001000011001000111110101
10110100100101011001010101110101100101001001000100110000
10000001110111100100000110010111101110001100010011000110100001001010011101
00111110110010111010110010111111001111101110011010000000100110011001010000011110100111010110110101
111100101100100001111000
10010111010110110010001010110001000101100101100001011011010101001100111
0011011100101101101011110110011111010010100000011000110111011100111
1110101001111010010010110000101000101100110111100001001011000
1100
011001011100010
011010100100110111001100101001110111111001001010
010001001100011101011110
0110011010000001111
11111011010000100
0000111001000111100011
101101000000100001100101010110001100111101011111111010010111001001011011
1010110100000111000100111
0101000100001010000110001110100011001111001110000111011100000110111
00001110100100001101101101001010101010001111110100000100000111010100
0111011000011110101101101001110010101101111100111100
11111000110001011100001100101111001101000
11010001100111111000101011011000101011111111100011101000111010
0101011010000111000101011010100101010000010100
1111100101000011001100111111000000111100110111100001110110001000001111010101010001000101000001000
000100110011001011100100001010110101110110100110010110000100010110111111111001110011010100
0000101110010001011101100010111100100100000010001000111111000101110010000100100101001101
010110111110100011111000010001010100000011111101010
11
1000110110111000000001100101101101101100101010110010010101110100110110100101001
00000001011111011100111011
0111100010101111101010111101100101111101100001100110101100001010110111100000001
10011101110100011001111010101000000001110011111110
1101100011001000100010010010011011110110110111011010100111110110000111101101010
101010101011001100011101010010010111110000110011010111001100100000100100
0110111001
10001110111100000001010
1010011100110001111001011010000001010110000001101
000010110101010000001111110100111011101
1010100111100101111110010001011100011011010011101010000101001110111100010
001001000100010000001100100101100101000010101101101011000100011000010000111110010010111011010
011101111111100010110010110001
011100111110111110011111101111000100010001
111011100010001100110111110010010111101
00000011010100010000110101
001000
000001101100010100011010001001101110110001010000
00101001011010000010000010111001100100101100010101000100101001101011000100110110011010111
10000010100011101011101100010010011011011111110001010101101110111001001000011010000
111011101111111110010000101000100011111011100011000001010010
111111010101010010010010011100011000110001001111111000010010011010100101101110100000110000001101
111000100011111
11110101011011101100001110011100111000000100
001011100100011011011100110011110011101101001010110110011010100111
100101010011000001001001110111110111011111100111110000100011001101000010101111110101110000100101
0000011000001001111111110000
1101000111100100001000000110001011101011
1010001011100111111000111100011010111110101101100111011101101101001
100100110010010111000111
011001011
001110010001110001001110110111001010001100111001100101000011111101001001
011111110000010100001110100001
011100010010011111101010001111010110001111100100100110100111110110001001100010110011110101
101000011011100101001010011111000010011010101
0011000110000110000100111110011001100110
010101110110001011111001110000100110110011000000010111001010110000011010111011000110011
110111101110000010110
101110111100101111010000001001001110010
1011100000000001001011010001011010111000001100001001
01001001011101010010010110011011101001010100110110001011000100100000010011111
110000010011110001100000
110
0001110011001110101100100001
10010110110010000010110100010010100001110001011101000100001111111000001000111111010
01010100100011111011111110110100101111010100101000001001100001100101000110100110001011010011
10010110110100011100111101100110100100000101010100110
1110011010
1011101100010111101110110000
1101111011011111110110010100010100000111101000010000001110
01011110110010001001100011001010100001101101101010001011011000001010111101010010011100101
1101100110101001101101011111000110001
010100110
001111111101100010000000000100100111101101001000011010101001001
00100110011100100010100110000111001111001000000010111010
010100100010100111011110000011000100010000001110011011001001100111010101001011001100111111
1010001001001001000011111000000101011001110101101011000100011001001001111011001100101111110000110010
0011000100010001110111001110110110000001100101111101101001000111110
010011110001001001000010111011100000101111101101000110111000011111001001000101101010111101
0110100110011000000110100011000010100100011111011100101111010001111001111010001100111101100001100
011111001000001110100010000001010101101110011010100
0111100100011011001111011111
0010101010100010110110000011101011101110101011000101011110110001
110111111
0001100101010100001010011010010010110001110101001000100000010000000100111110110111100101100000
11000001011101001101100000011001100101111000110110
1001010110001001111101010110100100011101001001110100
0001001000001011001111000000100100001100010000
1010111101011100101111
10100000100100000011
10111110
01110010110110111000100111111100010011001000111101011110100010101000011000
0110111011010011110010010011110010000011110000111001010100000000001111100110000010100010000101
010000001
0011011111100000011001100101010110101000011100101111011111110010111110010
100110100000000010001111010010101000111000000011101
111000111100011010
00111010110000101110011001000111110100011111001101010010011110
11111110111100000111001110000010110010100110111110100110100111000100101000101100100100110000001
101110100001110110010011111000
000101
11110100000000001100010001111111101011011000001100100010100111001001010111011000000101111
0011001101100100110110111
001000111011001100110101100110110001011110010110000100001001100
00110111001111110001110010110101101010100010101111000011000100100101100110100001
111111111011111101000101111100101100000100101011100000011110011011000000100000011000001
111111000010101000110101101100
100110101001011110001010011110011010100100101000110001110001110011001100110001101101011001110100111
0100111000111011010110100001011100111110001111110000000
1001011111010111000001001101001
01000101011001111100010100011000101101010110011001011101011001100000110110101
010111011
000111010010001101
011110111001111101110
000001011000101011101101000111000111000100100110010000111110100010
0001011101100
101111100001001111101110111101001001110100111101110101100100100110111011011001001
10100011111010001110111010010010000111101000100011011011111110110010110
101111000010110111011100100111101010111110111010001101001110
111101111100110101010
1000101011100001100001010000101110111010011
10001100101010100010000010110101110110110101110000010010111001100100011001010111111010010110111
0011111011100001010010101111110011110010000001
11010010111000111
010111000011111011010100001100111000010001000111100100000010001010000100000010
1110111110
101001000
000010000101010000000010000001010010010
1010101000110101000010110011100010101101001110001110011100010001010101110000000010100100110111
00101100011110011110000000010011
11100110100000001101000110000000000111001111011011010
1001100010001011000111101100010100001010000010000111101000
101111100001011110110111101010000001110000101011100110
0001001000000011101110010100010110011110001000000011000
11
1001100110101010111001010001111110
00011011000010101110110111001100101111101010111110001111010110000101111110011101000000
0111100010000000011011011100100110010011101011110100011
0010010110111001011001110100011001001100101010000111110010010010101110111010100100101000
100101101001110011101111111100000111110100110011000111011011001010110000100011000111101110111100
0100
001
0001110001110110111101101111111000100101011111010101010010100001010101101101110010
001000101111000011011110111101001000001
0110001100101010010011110100110011011011011101110001101010101110000111100011001
101101001111111
1111010110110011011011100110001101100111111011101110111000101111
11010010100110101011110
1100010010111
01001110110010010100110010111010000010011001101110011011111011111001
100101100000011010110110000111001000110010001000100010100001000111000000
1000100111100100100101010111110011011100100100010011111101110001100110101110101100010101100000010
1111101001110010111000100010111
1101010000010100110111110110
1111
10101110011011010000001000100001010101111111110101011111100100
100001001000101110000100100100101
1110011100110001001010011111101000011
111101100100110011110101101110010000011001
