# Validator version: Validator 8.2 20021002 04 October 2nd, 2002 12:15am
-------------------------***STARTING TO CREATE FILES TO READ AND WRITE***-----------------------
-------------------------***CREATED LOG FILE !!***-----------------------
-------------------------***CREATING SECOND TEMP FILE TO WRITE***-----------------------
-------------------------***SUCESSFULLY OPENED INPUT FILE (estdout.pc2) TO READ***-----------------------
-------------------------***SUCESSFULLY OPENED ANSWER FILE (out.txt) TO READ***-----------------------
-------------------------***SUCESSFULLY OPENED RESULT FILE (1121XSAM.txt) TO WRITE***-----------------------
-------------------------***FINISHED CREATING FILES***-----------------------
-------------------------*** START EXECUTION OF VALIDATOR CARRIAGE ***---------------------------
-------------------------***WRITING IN TEMP FILE (temp1.txt) TO WRITE***-----------------------
2
3
7
8
22
2169
12358
135747
-------------------------*** END EXECUTION OF VALIDATOR CARRIAGE ***---------------------------
-------------------------*** START EXECUTION OF VALIDATOR CARRIAGE ***---------------------------
-------------------------***WRITING IN TEMP FILE (temp2.txt) TO WRITE***-----------------------
2
3
7
8
22
2169
12358
135747
-------------------------*** END EXECUTION OF VALIDATOR CARRIAGE ***---------------------------
-------------------------***STARTING DIFF ( temp1.txt temp2.txt )***-----------------------
 Team Line is  : 2
 Answer Line is: 2
LINES ARE EQUAL. 
 Team Line is  : 3
 Answer Line is: 3
LINES ARE EQUAL. 
 Team Line is  : 7
 Answer Line is: 7
LINES ARE EQUAL. 
 Team Line is  : 8
 Answer Line is: 8
LINES ARE EQUAL. 
 Team Line is  : 22
 Answer Line is: 22
LINES ARE EQUAL. 
 Team Line is  : 2169
 Answer Line is: 2169
LINES ARE EQUAL. 
 Team Line is  : 12358
 Answer Line is: 12358
LINES ARE EQUAL. 
 Team Line is  : 135747
 Answer Line is: 135747
LINES ARE EQUAL. 
 Team Line is  : null
 Answer Line is: null
-------------------------***EXITING DIFF***-----------------------
THE FILES temp1.txt & temp2.txt ARE EQUAL
SETTING THE  APPROPRIATE FLAGS....
Status diff 1
