1. 3
2. 3
3. 2
4. 3
5. 3
6. 2
7. 1
8. 2
9. 2
10. 1
11. 4
12. 3
13. 3
14. 2
15. 3
16. 2
17. 3
18. 3
19. 2
20. 2
21. 3
22. 2
23. 1
24. 1
25. 2
26. 1
27. 4
28. 2
29. 3
30. 2
31. 3
32. 2
33. 3
34. 3
35. 1
36. 2
37. 3
38. 2
39. 4
40. 1
41. 2
42. 1
43. 3
44. 2
45. 3
46. 2
47. 3
48. 2
49. 3
50. 2
51. 1
52. 2
53. 3
54. 3
55. 4
56. 1
57. 2
58. 2
59. 3
60. 2
61. 3
62. 3
63. 2
64. 1
65. 2
66. 3
67. 2
68. 3
69. 3
70. 2
71. 1
72. 2
73. 2
74. 1
75. 4
76. 3
77. 2
78. 3
79. 2
80. 1
81. 3
82. 3
83. 2
84. 2
85. 3
86. 2
87. 1
88. 1
89. 2
90. 1
91. 4
92. 1
93. 2
94. 3
95. 2
96. 2
97. 3
98. 3
99. 1
100. 2
101. 3
102. 2
103. 4
104. 1
105. 2
106. 1
107. 2
108. 1
109. 2
110. 3
111. 3
112. 2
113. 3
114. 2
115. 1
116. 2
117. 3
118. 3
119. 4
120. 1
121. 2
122. 2
123. 1
124. 4
125. 3
126. 3
127. 2
128. 1
129. 2
130. 3
131. 2
132. 3
133. 3
134. 2
135. 1
136. 2
137. 1
138. 2
139. 1
140. 4
141. 2
142. 3
143. 2
144. 1
145. 3
146. 3
147. 2
148. 2
149. 3
150. 2
151. 1
152. 4
153. 1
154. 2
155. 1
156. 1
157. 2
158. 3
159. 2
160. 2
161. 3
162. 3
163. 1
164. 2
165. 3
166. 2
167. 3
168. 4
169. 1
170. 2
171. 2
172. 1
173. 2
174. 3
175. 3
176. 2
177. 3
178. 2
179. 1
180. 2
181. 3
182. 3
183. 2
184. 3
185. 2
186. 2
187. 1
188. 4
189. 3
190. 3
191. 2
192. 1
193. 2
194. 3
195. 2
196. 3
197. 2
198. 3
199. 2
200. 3
201. 1
202. 2
203. 1
204. 4
205. 2
206. 3
207. 2
208. 1
209. 3
210. 3
211. 2
212. 3
213. 2
214. 3
215. 2
216. 4
217. 1
218. 2
219. 1
220. 1
221. 2
222. 3
223. 2
224. 2
225. 3
226. 3
227. 2
228. 3
229. 2
230. 3
231. 3
232. 4
233. 1
234. 2
235. 2
236. 1
237. 2
238. 3
239. 3
240. 2
241. 3
242. 2863311530
243. 2863311530
244. 1431655766
245. 1431655766
246. 1431655766
247. 1431655766
248. 12
249. 12
250. 8
251. 155
252. 113
253. 116
254. 149
255. 137
256. 93
257. 146
258. 72
259. 1833774603
260. 606406732
261. 1259167018
262. 167521762
263. 1148151595
264. 1184159415
265. 1422462205
266. 1268521112
267. 331
268. 283
269. 313
270. 326
271. 256
272. 263
273. 313
274. 403
275. 2606287808
276. 2818323919
277. 3429923575
278. 3840798938
279. 4230103950
280. 2681108805
281. 2290630454
282. 3107154860
283. 22
284. 20
285. 17
286. 18
287. 18
288. 20
289. 24
290. 18
