5
25
0
1
3
9
24
11
19
11
20
6
19
3
47
52
961
4
45
24
30
3
3
15
57
115
12
283
49
2
30
21
8
115
4
16
58
38
5
21
14
20
7
22
30
49
4
2
16
64
46
124
280
16
3
5
9
12
42
13
21
140
14
134
15
23
62
21
271
35
34
1036
15
16
12
63
25
20
3
505
119
1454
10
35
6
38
4
24
19
32
63
329
15
16
28
11
32
44
27
23
20
33
21
39
2086
5
26
2
1022
14
23
23
126
20
100
6
129
6
317
23
3
124
27
3
27
5
15
42
173
5
67
32
125
18
3
2
279
347
8
9
5
24
80
3
82
14
1507
5
32
21
152
18
4
11
1457
84
17
4
26
23
314
2
45
7
57
27
24
7
6
1542
36
4
26
148
8
4
7
27
7
34
3073
135
9
313
6
404
54
33
28
35
29
20
6
8
288
13
118
5
34
2048
28
378
29
47
22
346
8
33
28
6
137
26
1
30
4
26
35
4
30
13
28
427
104
39
4
25
9
1012
39
1
1
21
127
92
12
5
15
26
11
11
12
69
18
2
100
23
119
30
20
154
13
315
32
126
16
27
24
8
1
10
4
34
120
15
9
43
44
312
23
12
18
4
314
132
109
4
77
31
139
3
97
23
7
28
139
123
22
61
25
23
8
6
16
5
13
53
39
9
444
80
2
22
321
6
32
35
32
4
42
23
14
54
6
33
37
312
18
9
30
114
34
6
24
7
2
64
36
78
25
8
30
3
7
448
52
2
15
10
4
3
3
12
15
6
7
37
13
17
19
2
25
22
330
2
35
40
96
13
4
28
70
49
46
43
7
44
28
32
2
314
21
7
66
24
5
327
4
8
36
12
116
26
21
74
10
951
70
6
18
10
5
5
1575
35
18
39
15
5
2
2
26
6
120
89
104
56
67
173
97
4
112
8
2149
66
4
27
20
135
35
6
24
41
6
14
5
7
13
9
22
25
7
30
17
53
45
5
47
11
5
27
5
5
34
30
5
1
3
69
30
2
5
34
28
352
3
6
18
12
145
3
19
10
11
18
19
345
24
25
2
8
32
346
145
1046
22
0
102
126
7
3
2077
5
123
359
12
127
16
438
22
11
3
3241
17
2
167
20
314
1
80
15
330
1064
6
28
17
461
21
15
4
4
2
16
30
18
24
35
29
14
22
27
16
22
2
16
2105
9
1508
4
59
9
3
25
21
6
22
310
9
9
2
65
22
8
4
66
6
17
9
341
61
26
30
8
19
314
124
7
5
23
12
3
22
9
183
50
3
1536
36
4
49
37
10
17
15
4
30
14
24
19
116
3
27
2069
32
30
33
13
109
6
27
7
52
173
66
9
1529
2
66
404
120
30
3
3
1571
10
4
2019
69
1032
124
9
8
36
54
20
40
7
129
21
3
5
7
40
47
134
3
18
3
74
2
28
13
11
17
63
60
15
11
22
303
10
22
1586
30
0
39
3
2
425
18
31
2053
22
22
19
16
29
958
3
39
135
24
7
66
25
19
5
38
106
371
37
4
21
124
22
135
7
63
135
122
315
31
103
12
100
5
2
6
4
327
3
32
16
5
4
403
247
137
26
4
28
17
3
113
5
7
105
3
32
17
5
1066
2059
4
1092
3
7
4
32
136
4
114
39
2
174
4
18
42
9
135
32
23
2
37
268
16
23
17
4
24
19
317
117
4
4
9
24
5
106
2082
23
2
530
26
37
2
60
6
26
28
2100
9
74
5
81
298
29
22
58
19
24
104
6
549
1464
41
8
9
6
9
163
1033
32
12
4
349
10
324
353
135
9
30
88
20
21
5
113
28
439
14
26
23
23
2
4425
3
67
55
2
33
68
18
25
16
24
21
31
30
8
107
15
1048
330
22
18
19
20
10
61
126
4
13
4
2
322
7
23
17
58
2
4
125
36
4
68
1506
15
27
45
21
5
36
37
32
19
3
4
44
6
30
12
22
124
1
3
2
20
15
6
17
24
28
4
5
253
143
13
17
137
34
7
1
10
19
6
297
12
39
8
9
5
3
5
165
1019
4
16
4
23
1005
20
16
11
7
34
12
3
28
1
24
25
4
21
32
423
40
7
307
1518
15
13
26
344
14
49
116
7
32
42
5
48
24
42
121
961
25
32
36
16
38
31
18
21
261
4
14
308
17
33
1509
25
40
17
2104
14
5
18
4
8
25
67
54
187
89
3
15
27
27
12
32
9
19
135
6
12
420
5
14
1
2076
2
66
6
108
15
309
18
436
284
16
60
6
0
2
14
23
299
44
2077
5
19
40
456
13
16
22
23
1
29
9
16
7
370
6
3
30
92
2128
32
57
27
7
333
115
9
21
15
2
18
1026
13
7
31
1514
105
33
2095
1505
332
10
99
334
99
273
40
14
22
24
12
16
13
108
1
15
67
75
10
5
11
32
294
25
5
4
326
22
39
107
317
2065
118
7
31
327
60
2
29
25
5
1534
52
3
1
61
3
14
3
14
127
0
30
458
53
27
334
24
1
6
15
17
7
23
317
16
68
14
35
161
15
338
22
19
33
27
4
15
9
3
103
9
26
3
4
126
15
316
4
14
112
4
18
115
298
7
7
7
42
33
13
22
26
1
13
9
6
182
325
125
19
5
7
6
11
2
1
33
72
15
14
356
1533
19
4
18
346
28
27
14
2121
2
12
46
50
99
16
152
1024
323
7
11
48
102
122
69
30
15
5
40
5
8
124
18
29
26
16
28
169
27
102
317
54
40
21
483
7
16
1001
22
6
35
2117
9
43
342
67
25
287
17
86
4
8
10
106
2088
5
318
26
110
52
7
3
53
179
11
8
21
37
1562
16
34
12
25
69
12
3
9
13
15
15
28
30
311
39
7
42
130
20
1000
8
4
112
22
1
176
324
1074
8
5
7
9
1447
133
21
500
342
517
11
438
29
27
22
6
28
4
61
5
1012
6
18
440
22
18
16
308
55
132
160
3
4
324
83
992
71
6
327
5
3
39
36
8
15
334
442
2
57
11
8
2
16
6
26
19
64
2071
142
21
13
122
22
11
16
3
27
18
2
3
91
20
28
6
46
554
35
9
29
11
12
25
15
29
3
22
6
483
24
104
39
