
J
JJ
JJJ
JJZ
JJH
JJN
JJP
JJA
JJD
JJY
JJQ
JJF
JZ
JZJ
JZZ
JZH
JZN
JZP
JZA
JZD
JZY
JZQ
JZF
JH
JHJ
JHZ
JHH
JHN
JHP
JHA
JHD
JHY
JHQ
JHF
JN
JNJ
JNZ
JNH
JNN
JNP
JNA
JND
JNY
JNQ
JNF
JP
JPJ
JPZ
JPH
JPN
JPP
JPA
JPD
JPY
JPQ
JPF
JA
JAJ
JAZ
JAH
JAN
JAP
JAA
JAD
JAY
JAQ
JAF
JD
JDJ
JDZ
JDH
JDN
JDP
JDA
JDD
JDY
JDQ
JDF
JY
JYJ
JYZ
JYH
JYN
JYP
JYA
JYD
JYY
JYQ
JYF
JQ
JQJ
JQZ
JQH
JQN
JQP
JQA
JQD
JQY
JQQ
JQF
JF
JFJ
JFZ
JFH
JFN
JFP
JFA
JFD
JFY
JFQ
JFF
Z
ZJ
ZJJ
ZJZ
ZJH
ZJN
ZJP
ZJA
ZJD
ZJY
ZJQ
ZJF
ZZ
ZZJ
ZZZ
ZZH
ZZN
ZZP
ZZA
ZZD
ZZY
ZZQ
ZZF
ZH
ZHJ
ZHZ
ZHH
ZHN
ZHP
ZHA
ZHD
ZHY
ZHQ
ZHF
ZN
ZNJ
ZNZ
ZNH
ZNN
ZNP
ZNA
ZND
ZNY
ZNQ
ZNF
ZP
ZPJ
ZPZ
ZPH
ZPN
ZPP
ZPA
ZPD
ZPY
ZPQ
ZPF
ZA
ZAJ
ZAZ
ZAH
ZAN
ZAP
ZAA
ZAD
ZAY
ZAQ
ZAF
ZD
ZDJ
ZDZ
ZDH
ZDN
ZDP
ZDA
ZDD
ZDY
ZDQ
ZDF
ZY
ZYJ
ZYZ
ZYH
ZYN
ZYP
ZYA
ZYD
ZYY
ZYQ
ZYF
ZQ
ZQJ
ZQZ
ZQH
ZQN
ZQP
ZQA
ZQD
ZQY
ZQQ
ZQF
ZF
ZFJ
ZFZ
ZFH
ZFN
ZFP
ZFA
ZFD
ZFY
ZFQ
ZFF
H
HJ
HJJ
HJZ
HJH
HJN
HJP
HJA
HJD
HJY
HJQ
HJF
HZ
HZJ
HZZ
HZH
HZN
HZP
HZA
HZD
HZY
HZQ
HZF
HH
HHJ
HHZ
HHH
HHN
HHP
HHA
HHD
HHY
HHQ
HHF
HN
HNJ
HNZ
HNH
HNN
HNP
HNA
HND
HNY
HNQ
HNF
HP
HPJ
HPZ
HPH
HPN
HPP
HPA
HPD
HPY
HPQ
HPF
HA
HAJ
HAZ
HAH
HAN
HAP
HAA
HAD
HAY
HAQ
HAF
HD
HDJ
HDZ
HDH
HDN
HDP
HDA
HDD
HDY
HDQ
HDF
HY
HYJ
HYZ
HYH
HYN
HYP
HYA
HYD
HYY
HYQ
HYF
HQ
HQJ
HQZ
HQH
HQN
HQP
HQA
HQD
HQY
HQQ
HQF
HF
HFJ
HFZ
HFH
HFN
HFP
HFA
HFD
HFY
HFQ
HFF
N
NJ
NJJ
NJZ
NJH
NJN
NJP
NJA
NJD
NJY
NJQ
NJF
NZ
NZJ
NZZ
NZH
NZN
NZP
NZA
NZD
NZY
NZQ
NZF
NH
NHJ
NHZ
NHH
NHN
NHP
NHA
NHD
NHY
NHQ
NHF
NN
NNJ
NNZ
NNH
NNN
NNP
NNA
NND
NNY
NNQ
NNF
NP
NPJ
NPZ
NPH
NPN
NPP
NPA
NPD
NPY
NPQ
NPF
NA
NAJ
NAZ
NAH
NAN
NAP
NAA
NAD
NAY
NAQ
NAF
ND
NDJ
NDZ
NDH
NDN
NDP
NDA
NDD
NDY
NDQ
NDF
NY
NYJ
NYZ
NYH
NYN
NYP
NYA
NYD
NYY
NYQ
NYF
NQ
NQJ
NQZ
NQH
NQN
NQP
NQA
NQD
NQY
NQQ
NQF
NF
NFJ
NFZ
NFH
NFN
NFP
NFA
NFD
NFY
NFQ
NFF
P
PJ
PJJ
PJZ
PJH
PJN
PJP
PJA
PJD
PJY
PJQ
PJF
PZ
PZJ
PZZ
PZH
PZN
PZP
PZA
PZD
PZY
PZQ
PZF
PH
PHJ
PHZ
PHH
PHN
PHP
PHA
PHD
PHY
PHQ
PHF
PN
PNJ
PNZ
PNH
PNN
PNP
PNA
PND
PNY
PNQ
PNF
PP
PPJ
PPZ
PPH
PPN
PPP
PPA
PPD
PPY
PPQ
PPF
PA
PAJ
PAZ
PAH
PAN
PAP
PAA
PAD
PAY
PAQ
PAF
PD
PDJ
PDZ
PDH
PDN
PDP
PDA
PDD
PDY
PDQ
PDF
PY
PYJ
PYZ
PYH
PYN
PYP
PYA
PYD
PYY
PYQ
PYF
PQ
PQJ
PQZ
PQH
PQN
PQP
PQA
PQD
PQY
PQQ
PQF
PF
PFJ
PFZ
PFH
PFN
PFP
PFA
PFD
PFY
PFQ
PFF
A
AJ
AJJ
AJZ
AJH
AJN
AJP
AJA
AJD
AJY
AJQ
AJF
AZ
AZJ
AZZ
AZH
AZN
AZP
AZA
AZD
AZY
AZQ
AZF
AH
AHJ
AHZ
AHH
AHN
AHP
AHA
AHD
AHY
AHQ
AHF
AN
ANJ
ANZ
ANH
ANN
ANP
ANA
AND
ANY
ANQ
ANF
AP
APJ
APZ
APH
APN
APP
APA
APD
APY
APQ
APF
AA
AAJ
AAZ
AAH
AAN
AAP
AAA
AAD
AAY
AAQ
AAF
AD
ADJ
ADZ
ADH
ADN
ADP
ADA
ADD
ADY
ADQ
ADF
AY
AYJ
AYZ
AYH
AYN
AYP
AYA
AYD
AYY
AYQ
AYF
AQ
AQJ
AQZ
AQH
AQN
AQP
AQA
AQD
AQY
AQQ
AQF
AF
AFJ
AFZ
AFH
AFN
AFP
AFA
AFD
AFY
AFQ
AFF
D
DJ
DJJ
DJZ
DJH
DJN
DJP
DJA
DJD
DJY
DJQ
DJF
DZ
DZJ
DZZ
DZH
DZN
DZP
DZA
DZD
DZY
DZQ
DZF
DH
DHJ
DHZ
DHH
DHN
DHP
DHA
DHD
DHY
DHQ
DHF
DN
DNJ
DNZ
DNH
DNN
DNP
DNA
DND
DNY
DNQ
DNF
DP
DPJ
DPZ
DPH
DPN
DPP
DPA
DPD
DPY
DPQ
DPF
DA
DAJ
DAZ
DAH
DAN
DAP
DAA
DAD
DAY
DAQ
DAF
DD
DDJ
DDZ
DDH
DDN
DDP
DDA
DDD
DDY
DDQ
DDF
DY
DYJ
DYZ
DYH
DYN
DYP
DYA
DYD
DYY
DYQ
DYF
DQ
DQJ
DQZ
DQH
DQN
DQP
DQA
DQD
DQY
DQQ
DQF
DF
DFJ
DFZ
DFH
DFN
DFP
DFA
DFD
DFY
DFQ
DFF
Y
YJ
YJJ
YJZ
YJH
YJN
YJP
YJA
YJD
YJY
YJQ
YJF
YZ
YZJ
YZZ
YZH
YZN
YZP
YZA
YZD
YZY
YZQ
YZF
YH
YHJ
YHZ
YHH
YHN
YHP
YHA
YHD
YHY
YHQ
YHF
YN
YNJ
YNZ
YNH
YNN
YNP
YNA
YND
YNY
YNQ
YNF
YP
YPJ
YPZ
YPH
YPN
YPP
YPA
YPD
YPY
YPQ
YPF
YA
YAJ
YAZ
YAH
YAN
YAP
YAA
YAD
YAY
YAQ
YAF
YD
YDJ
YDZ
YDH
YDN
YDP
YDA
YDD
YDY
YDQ
YDF
YY
YYJ
YYZ
YYH
YYN
YYP
YYA
YYD
YYY
YYQ
YYF
YQ
YQJ
YQZ
YQH
YQN
YQP
YQA
YQD
YQY
YQQ
YQF
YF
YFJ
YFZ
YFH
YFN
YFP
YFA
YFD
YFY
YFQ
YFF
Q
QJ
QJJ
QJZ
QJH
QJN
QJP
QJA
QJD
QJY
QJQ
QJF
QZ
QZJ
QZZ
QZH
QZN
QZP
QZA
QZD
QZY
QZQ
QZF
QH
QHJ
QHZ
QHH
QHN
QHP
QHA
QHD
QHY
QHQ
QHF
QN
QNJ
QNZ
QNH
QNN
QNP
QNA
QND
QNY
QNQ
QNF
QP
QPJ
QPZ
QPH
QPN
QPP
QPA
QPD
QPY
QPQ
QPF
QA
QAJ
QAZ
QAH
QAN
QAP
QAA
QAD
QAY
QAQ
QAF
QD
QDJ
QDZ
QDH
QDN
QDP
QDA
QDD
QDY
QDQ
QDF
QY
QYJ
QYZ
QYH
QYN
QYP
QYA
QYD
QYY
QYQ
QYF
QQ
QQJ
QQZ
QQH
QQN
QQP
QQA
QQD
QQY
QQQ
QQF
QF
QFJ
QFZ
QFH
QFN
QFP
QFA
QFD
QFY
QFQ
QFF
F
FJ
FJJ
FJZ
FJH
FJN
FJP
FJA
FJD
FJY
FJQ
FJF
FZ
FZJ
FZZ
FZH
FZN
FZP
FZA
FZD
FZY
FZQ
FZF
FH
FHJ
FHZ
FHH
FHN
FHP
FHA
FHD
FHY
FHQ
FHF
FN
FNJ
FNZ
FNH
FNN
FNP
FNA
FND
FNY
FNQ
FNF
FP
FPJ
FPZ
FPH
FPN
FPP
FPA
FPD
FPY
FPQ
FPF
FA
FAJ
FAZ
FAH
FAN
FAP
FAA
FAD
FAY
FAQ
FAF
FD
FDJ
FDZ
FDH
FDN
FDP
FDA
FDD
FDY
FDQ
FDF
FY
FYJ
FYZ
FYH
FYN
FYP
FYA
FYD
FYY
FYQ
FYF
FQ
FQJ
FQZ
FQH
FQN
FQP
FQA
FQD
FQY
FQQ
FQF
FF
FFJ
FFZ
FFH
FFN
FFP
FFA
FFD
FFY
FFQ
FFF
