1. 4
2. 3
3. 1
4. 3
5. 2
6. 6
7. 3
8. 9
9. 12
10. 100
11. 100
12. 100
13. 100
14. 100
15. 100
16. 100
17. 100
18. 40000
19. 38000
20. 36000
21. 34000
22. 32000
23. 30000
24. 28000
25. 26000
26. 24000
27. 22000
28. 20000
29. 22000
30. 24000
31. 26000
32. 28000
33. 30000
34. 32000
35. 34000
36. 36000
37. 38000
38. 40000
39. 44
40. 76
41. 68
42. 46
43. 64
44. 88
45. 146
46. 88
47. 88
48. 98
49. 180955634
50. 591922718
51. 704898728
52. 1042488568
53. 734529444
54. 289549234
55. 548304500
56. 356993711
57. 849948150
58. 659567580
59. 382106624
60. 363051470
61. 575492814
62. 182323800
63. 314576842
64. 446342022
65. 259598514
66. 731388078
67. 261487710
68. 190411476
69. 578005688
70. 678759772
71. 731750512
72. 276457412
73. 625277460
74. 359698072
75. 680011966
76. 300264762
77. 897205282
78. 939900412
79. 1286492172
80. 203746974
81. 265411192
82. 717466164
83. 319141212
84. 143034006
85. 213912408
86. 579496282
87. 749043320
88. 583091774
89. 554646126
90. 464958110
91. 407649658
92. 1343008432
93. 165479784
94. 658920595
95. 450713404
96. 277495328
97. 263877838
98. 751599176
99. 509884408
100. 283605978
101. 193972860
102. 674833140
103. 1035536152
104. 184376260
105. 529274446
106. 390839556
107. 863316514
108. 997969432
109. 396844296
110. 557291458
111. 198618547
112. 635479808
113. 66805574
114. 185769537
115. 208946812
116. 404924018
117. 462962694
118. 191656816
119. 510078818
120. 1123130470
121. 901705902
122. 250546470
123. 831442312
124. 488381260
125. 386782578
126. 684744606
127. 432254168
128. 403891784
129. 245192356
130. 565503262
131. 387426752
132. 675231010
133. 329651418
134. 458231348
135. 519220884
136. 438503054
137. 341496639
138. 259731491
139. 680882570
140. 507614204
141. 574887576
142. 998127608
143. 328831958
144. 472511760
145. 326686344
146. 274925522
147. 535423830
148. 372491164
149. 933363494
150. 733011016
