Case 1: 3H 3L 2H
Case 2: impossible
Case 3: impossible
Case 4: impossible
Case 5: impossible
Case 6: impossible
Case 7: 2H
Case 8: impossible
Case 9: impossible
Case 10: impossible
Case 11: impossible
Case 12: 3L
Case 13: impossible
Case 14: impossible
Case 15: impossible
Case 16: 3H
Case 17: 3L 2H
Case 18: impossible
Case 19: impossible
Case 20: impossible
Case 21: 3H 2H
Case 22: 4L
Case 23: impossible
Case 24: impossible
Case 25: impossible
Case 26: 3H 3L
Case 27: 4L 2H
Case 28: impossible
Case 29: impossible
Case 30: impossible
Case 31: 3H 3L 2H
Case 32: 4H
Case 33: impossible
Case 34: impossible
Case 35: impossible
Case 36: 4L 3H
Case 37: 5L
Case 38: impossible
Case 39: impossible
Case 40: impossible
Case 41: 4L 3H 2H
Case 42: 5L 2H
Case 43: impossible
Case 44: impossible
Case 45: impossible
Case 46: 4H 3H
Case 47: 5L 3L
Case 48: impossible
Case 49: impossible
Case 50: impossible
Case 51: 5L 3H
Case 52: 4H 4L
Case 53: impossible
Case 54: impossible
Case 55: impossible
Case 56: 5L 3H 2H
Case 57: 5H
Case 58: 6L
Case 59: impossible
Case 60: impossible
Case 61: 5L 3H 3L
Case 62: 5H 2H
Case 63: 6L 2H
Case 64: impossible
Case 65: impossible
Case 66: 4H 4L 3H
Case 67: 5H 3L
Case 68: 6L 3L
Case 69: impossible
Case 70: impossible
Case 71: 5H 3H
Case 72: 6L 3H
Case 73: 6L 3L 2H
Case 74: impossible
Case 75: impossible
Case 76: 5H 3H 2H
Case 77: 5H 4L
Case 78: 6L 4L
Case 79: impossible
Case 80: impossible
Case 81: 5H 3H 3L
Case 82: 6L 3H 3L
Case 83: 6L 4L 2H
Case 84: impossible
Case 85: impossible
Case 86: 7L
Case 87: 5H 4H
Case 88: 6L 4H
Case 89: impossible
Case 90: impossible
Case 91: 7L 2H
Case 92: 5H 5L
Case 93: 6H
Case 94: impossible
Case 95: impossible
Case 96: 7L 3L
Case 97: 5H 5L 2H
Case 98: 6H 2H
Case 99: impossible
Case 100: 7L 3H
Case 101: 7L 3L 2H
Case 102: 6L 4H 3H
Case 103: 142H 42H 38L
Case 104: 180L 37L 24L
Case 105: 152L 123L 63H
Case 106: 180L 27H 21H 16H
Case 107: 142H 55L 26H
Case 108: 142H 58L 15H
Case 109: 178L 62L 19H
Case 110: 143H 43L 13H
Case 111: 136H 96L 7H
Case 112: 174L 81L 35H
Case 113: 170L 99L
Case 114: 155L 122L 69L
Case 115: 180L 32H 8H 7L
Case 116: 133H 102L 52L
Case 117: 180L 32H 11L
Case 118: 180L 32H 9H
Case 119: 172L 90L 40L
Case 120: 143H 33H 19H
Case 121: 141H 46H 50L
Case 122: 171L 95L 29L
Case 123: 135H 80L 78L
Case 124: 173L 77L 50H
Case 125: 143H 35H 7L
Case 126: 151L 131L 45H
Case 127: 179L 54L 11L
Case 128: 179L 54L 9H
Case 129: 140H 72L 39L
Case 130: 138H 57H 53H
Case 131: 180L 36L 26L
Case 132: 171L 80L 57H
Case 133: 141H 48H 37H
Case 134: 142H 57L 25L
Case 135: 143H 39L 23H
Case 136: 180L 38L 21L 6L
Case 137: 173L 89L 11H
Case 138: 143H 36L 33L
Case 139: 143H 30H 25H
Case 140: 180L 37L 18H 13L
Case 141: 180L 27H 26L 16H
Case 142: 179L 37H 31H
Case 143: 180L 40L 10L
Case 144: 180L 32H 8H 5H
Case 145: 180L 40L 8H 3H
Case 146: 142H 46H 21L 7H
Case 147: 160L 96H 24H
Case 148: 163L 92H 14H
Case 149: 177L 70L 10H
Case 150: 172L 74L 58H
Case 151: 138H 87L 13H
Case 152: 173L 71H 7H
Case 153: 143H 35H 6L
Case 154: 143H 35H 5H
Case 155: 180L 33L 23H 13H
Case 156: 142L 98H 83H
Case 157: 175L 73L 41H
Case 158: 137H 91L 27L
Case 159: 180L 40L 8H
Case 160: 141H 66L 31L
Case 161: 131H 106L 60L
Case 162: 124H 96H 69L
Case 163: 140H 75L 23L
Case 164: 178L 49H 27L
Case 165: 143H 35H 4H 3H
Case 166: 180L 26H 31L 4L
Case 167: 174L 64H 46L
Case 168: 180L 39L 14H
Case 169: 138H 69H 19H
Case 170: 177L 70L 12L
Case 171: 176L 74L 31L
Case 172: 173L 71H 8L
Case 173: 141H 68L 13H
Case 174: 143H 35H 5L
Case 175: 175L 63H 32L
Case 176: 141H 68L 16L
Case 177: 179L 46L 39L
Case 178: 180L 38L 17H
Case 179: 143H 35H 4H
Case 180: 152L 133L 22L
Case 181: 180L 38L 16H 11L
Case 182: 140H 61L 47H
Case 183: 180L 32H 10L
Case 184: 142H 40H 42L
Case 185: 150L 108H 12L
Case 186: 180L 26H 31L
Case 187: 180L 31H 15H
Case 188: 173L 89L 13L
Case 189: 143H 35H 4L
Case 190: 157L 123L 52L
Case 191: 171L 91L 50L
Case 192: 180L 38L 21L
Case 193: 179L 54L 10L
Case 194: 114L 40H 37L
Case 195: 129L 63H 18H
Case 196: 87H 10L 5H
Case 197: 110H 41H 34L
Case 198: 168L 40L 3L
Case 199: 61H 17L 12L
Case 200: 121H 88L 36L
Case 201: 112L 48H 23L
Case 202: 137L 62H 25H
Case 203: 111L 51L 5H
Case 204: 160L 32L 8L
Case 205: 110L 59L 7L
Case 206: 151L 60L 9L
Case 207: 127H 24L 12L
Case 208: 167L 53H 41H
Case 209: 146L 28L 22L
Case 210: 145L 37H 35H
Case 211: 142L 39H 22L
Case 212: 124L 51L 12L
Case 213: 101H 68H
Case 214: 103L 15L 12L
Case 215: 76L 71L 24L
Case 216: 72L 30H 5H
Case 217: 156L 50L 27H
Case 218: 71H 45L 26L
Case 219: 89L 46L 36L
Case 220: 145L 23H 9L
Case 221: 24L 11H 9H
Case 222: 116H 86H 54H
Case 223: 116L 42H 36L
Case 224: 137H 82L 7L
Case 225: 115H 48L 18L
Case 226: 141H 46H 5L
Case 227: 126H 91L 75L
Case 228: 113H 65H 16L
Case 229: 167L 102L 37L
Case 230: 118H 99H 87L
Case 231: 157L 48H 14H
Case 232: 35H 43L
Case 233: 121L 26L 3L
Case 234: 129L 20H 23L
Case 235: 123H 90L 63L
Case 236: 166L 91L 58L
Case 237: 89H 32L 12L
Case 238: 177L 55L 3H
Case 239: 120H 35L 3H
Case 240: 123L 28H 32L
Case 241: 140L 20H 15H
Case 242: 86L 41H 43L
Case 243: 150L 24L 9L
Case 244: 143H 29H 16H
Case 245: 145L 42L 3H
Case 246: 118L 21H 21L 4L
Case 247: 122L 34H 17L
Case 248: 128H 77H 52L
Case 249: 108H 122L 10L
Case 250: 166L 26H 14L
Case 251: 136L 9L 4L
Case 252: 83H 20L 11H
Case 253: 162L 38H 19L
Case 254: 123L 47H 33H
Case 255: 59H 5H 3L
Case 256: 129H 102L 50L
Case 257: 175L 60L 31H
Case 258: 47L 27L 16H
Case 259: 131H 66L 44H
Case 260: 86L 14L 4L
Case 261: 152L 86L 16L
Case 262: 120H 53H 32L
Case 263: 134H 62H 65L
Case 264: 167L 26L 4H
Case 265: 133H 88L 36L
Case 266: 163L 23H 4H 3H
Case 267: 74H 40L 38L
Case 268: 152L 21H 8L
Case 269: 94H 33H 13H
Case 270: 157L 68H 43H
Case 271: 79H 27L 11L
Case 272: 115H 47H 21L
Case 273: 142L 57H 28H
Case 274: 88H 21H 13L
Case 275: 70H 57L 32L
Case 276: 164L 39H 17H
Case 277: 153L 44L 26L
Case 278: 109H 41L 2H
Case 279: 134H 22L 12L 10L
Case 280: 90L 9L 4H
Case 281: 44H 17L 8H 3H
Case 282: 108H 127L 69H
Case 283: 98L 63L 46L
Case 284: 149L 24H 12L
Case 285: 131L 39L 2H
Case 286: 81H 30H 3L
Case 287: 97L 40H 9H
Case 288: 179L 9H 3H
Case 289: 61H 5H 5L
Case 290: 178L 40L 25L
Case 291: 73L 32L 23L
Case 292: 136L 44H 29H
Case 293: 17H 12L
Case 294: 95H 68H 2H
Case 295: 56H 20H 6H
Case 296: 129H 44H 41H
Case 297: 130L 62L 17L
Case 298: 67H 18L 11L
Case 299: 138H 68L 25L
Case 300: 40L 27H
Case 301: 137H 31L 11L
Case 302: 115L 47L 12L
Case 303: 126H 66L 25L
Case 304: 156L 56H 26H
Case 305: 39L 22L 5H
Case 306: 67H 38L 26L
Case 307: 92L 18H 13H 7H
Case 308: 115H 53L 47L
Case 309: 117H 71L 56H
Case 310: 93L 10H
Case 311: 111H 96H 5H
Case 312: 49H 37L 14L
Case 313: 163L 32H 4L
Case 314: 126H 106L 5L
Case 315: 107L 17H 6H
Case 316: 96L 60H 13L
Case 317: 46H 18H 13H
Case 318: 139L 81H 26H
Case 319: 169L 30H 15L
Case 320: 159L 21H 26L 16L
Case 321: 155L 18H 13H 13L
Case 322: 122L 10H 8H 8L
Case 323: 67H 29H 28L
Case 324: 160L 73H 17L
Case 325: 86L 49H 6H
Case 326: 113H 31L 12L 7H
Case 327: 102H 69L 28L
Case 328: 139H 38L 21H
Case 329: 154L 31L 4H
Case 330: 90H 21L 9H 6H
Case 331: 121L 21H 8L
Case 332: 109H 58L 32L
Case 333: 108L 17L 5L
Case 334: 76H 14H 6H
Case 335: 153L 61H 16H
Case 336: 94H 7H 6L
Case 337: 163L 27H 6L
Case 338: 130L 39L 25H
Case 339: 125L 17L 10H 3H
Case 340: 96L 41L 9L
Case 341: 95L 8H 4L
Case 342: 129H 27L 17L 9L
Case 343: 121L 7L 4L
Case 344: 149L 105H 46H
Case 345: 83L 17L 12L 4H
Case 346: 84L 33L 6L
Case 347: 106H 47H 21H
Case 348: 67L 50L 30H
Case 349: 71H 19L 5L
Case 350: 137L 33L 15L
Case 351: 173L 29H 13H
Case 352: 151L 126L 49H
Case 353: 160L 47H 39L
Case 354: 132H 19L 3L
Case 355: 147L 63H 3L
Case 356: 50L 14H
Case 357: 103H 32L 14H 8H
Case 358: 73H 19H 4L
Case 359: 136H 53H 19H
Case 360: 94H 38L 16H
Case 361: 108H 35H 28L
Case 362: 140H 41H 9L
Case 363: 81H 60L 26L
Case 364: 162L 85L 9H
Case 365: 79H 32L 14H
Case 366: 108H 20L 7L
Case 367: 105H 61H 40L
Case 368: 36H 4L
Case 369: 141H 26L 11H
Case 370: 166L 92L 31H
Case 371: 90H 23H 20L
Case 372: 176L 16H 13H
Case 373: 126L 34H 27L
Case 374: 112L 88L 52L
Case 375: 151L 31L 21L 5H
Case 376: 108H 30H 23L
Case 377: 136L 32H 4L
Case 378: 127L 21L 4L
Case 379: 52L 22L 9L
Case 380: 105H 28H 11H
Case 381: 164L 28L 13H
Case 382: 91L 38H
Case 383: 97H 26H 6H 4L
Case 384: 97H 51H 21L
Case 385: 143L 88L 31H
Case 386: 141H 55L 40L
Case 387: 75L 67L 33H
Case 388: 57H 15H 15L
Case 389: 100H 62L 38H
Case 390: 94L 71L
Case 391: 94H 22H 17L
Case 392: 96H 28L 11L
Case 393: 80H 47L 23H
Case 394: 75H 58H 38H
Case 395: 127H 71H 21L
Case 396: 124H 93L 23H
Case 397: 108L 33L 2H
Case 398: 136H 30L 19L
Case 399: 158L 107L 7L
Case 400: 115L 55H 33H
Case 401: 101H 33L 20H
Case 402: 61H 25H 18H
Case 403: 171L 52L 9H
Case 404: 117L 69H 54L
Case 405: 129H 100L 7L
Case 406: 133H 27H 12L 8H
Case 407: 139L 27H 4L
Case 408: 121H 93L 51L
Case 409: 108L 19L 14L
Case 410: 167L 71L 36H
Case 411: 167L 79L 35L
Case 412: 170L 34H 8H
Case 413: 125L 89L
Case 414: 124H 68H 58H
Case 415: 93L 71H 76L
Case 416: 172L 89L 20H
Case 417: 166L 33L 6H 6L
Case 418: 171L 38H 26L
Case 419: 163L 46L 31L
Case 420: 107L 9H 3H
Case 421: 117H 30L 24H
Case 422: 125H 69L 58L
Case 423: 82H 24H 9H
Case 424: 132H 85L 51L
Case 425: 149L 27L 13H 3H
Case 426: 136H 43H 36L
Case 427: 121H 113L 66H
Case 428: 143L 37L 14L
Case 429: 160L 96L 13H
Case 430: 49L 35H 23H
Case 431: 142H 51L 30L
Case 432: 111H 95H 6H
Case 433: 52H 11H 2H
Case 434: 118L 20L 6H
Case 435: 65L 13H
Case 436: 138H 28L 17L 12L
Case 437: 93L 56L 2H
Case 438: 70L 17H 5H
Case 439: 123L 51L 22H
Case 440: 132L 78H 38H
Case 441: 162L 39H 45L
Case 442: 57H 51H 46L
Case 443: 136L 68L 16H
Case 444: 111H 11L 4H
Case 445: 166L 85H 31L
Case 446: 76L 11L 6L
Case 447: 109H 71L 21L
Case 448: 160L 17H 7L
Case 449: 133H 95L 28H
Case 450: 94H 25L
Case 451: 101L 21H 11L
Case 452: 81L 46H 45H
Case 453: 112H 72L 31H
Case 454: 54L 17H 7L
Case 455: 86H 34L 11H
Case 456: 143L 73H 14L
Case 457: 113H 67L 31H
Case 458: 97L 27L 4L 2H
Case 459: 95H 81H 29H
Case 460: 139L 33H 27L
Case 461: 61L 21L 12L
Case 462: 174L 10H 7H 3L
Case 463: 132L 43H 38H
Case 464: 128H 45H 34L
Case 465: 131H 37H 13H
Case 466: 107H 21L 13L 6H
Case 467: 131H 23H 3H
Case 468: 82H 41H 24L
Case 469: 34L 13H 11H
Case 470: 131L 42H 13L
Case 471: 152L 77L 15H
Case 472: 150L 92L 67L
Case 473: 130L 96H 21L
Case 474: 83H 79H 77L
Case 475: 113H 40H 29L
Case 476: 142L 49H 35L
Case 477: 116H 65L 26H
Case 478: 71H 24L 12L
Case 479: 96L 91L 46L
Case 480: 101H 26L 7H
Case 481: 49L 18H 6L
Case 482: 140L 41L 13L
Case 483: 166L 31L 10H 8L
Case 484: 58H 72L 64L
Case 485: 141L 85L 66L
Case 486: 129H 64L 51L
Case 487: 134L 21L 8L 6H
Case 488: 95H 13L 8H 7L
Case 489: 122H 61H 29L
Case 490: 129H 86L 55L
Case 491: 172L 32H 11H
Case 492: 162L 40L 8H
Case 493: 179L 25H 11L
Case 494: 167L 73H 29H
Case 495: 177L 52L 23L
Case 496: 102H 52L 3H
Case 497: 65L 2H
Case 498: 52L 3L 2H
Case 499: 56L 11L 8L 6H
Case 500: 126L 105L 41L
Case 501: 137L 99L
Case 502: 101L 62H 21H
Case 503: 95L 17L 10L
Case 504: 134L 28H 4H
Case 505: 152L 50H 44L
Case 506: 148L 15H 13L
Case 507: 121H 31L 8H
Case 508: 109H 72L 55L
Case 509: 124L 42L 8H
Case 510: 168L 47L 23H
Case 511: 68H 22L 10L 8H
Case 512: 115H 54H 36L
Case 513: 180L 13H 12L 9H
Case 514: 149L 42L 11L
Case 515: 32H 5L
Case 516: 113H 25H 15L
Case 517: 114L 74L 56L
Case 518: 92L 5H 4H
Case 519: 42H 29L 11H
Case 520: 88H 32H 34L
Case 521: 129H 31L 7L
Case 522: 91H 65L 18L
Case 523: 82L 31L 20L
Case 524: 174L 46H 24L
Case 525: 95H 81L 29H
Case 526: 126H 82L 9L
Case 527: 140H 48H 34L
Case 528: 146L 58L 15L
Case 529: 52H 25L 8L
Case 530: 122H 42H 9L
Case 531: 172L 54H 28H
Case 532: 96L 42H 7H
Case 533: 120H 83L 29L
Case 534: 119L 28L 17H
Case 535: 126H 80H 66H
Case 536: 96L 32H 18H
Case 537: 66H 30H 22H
Case 538: 69L 49H
Case 539: 125L 22L 10L 8H
Case 540: 85L 25L 18H
Case 541: 135H 28H 16H
Case 542: 174L 37L 20L 9L
Case 543: 116H 75L 4H
Case 544: 144L 19L 12L 8H
Case 545: 165L 60L 43L
Case 546: 146L 31L 23H
Case 547: 126H 31H 18H
Case 548: 93H 31L 13H
Case 549: 173L 35L 33L
Case 550: 77H 41L 14H
Case 551: 85L 83L 46L
Case 552: 133L 23H 22H 17L
Case 553: 106L 21H 18L 3L
Case 554: 168L 41H 10H
Case 555: 131L 46L 16L
Case 556: 78H 73H 30L
Case 557: 118H 117L 52L
Case 558: 149L 74L 46L
Case 559: 113H 18H 8H 3L
Case 560: 108H 53H 47H
Case 561: 134H 43H 27H
Case 562: 123H 83H 59L
Case 563: 98L 13L 4H
Case 564: 171L 86L 15H
Case 565: 89H 28H 25L
Case 566: 89H 61H 71L
Case 567: 65H 5L 3L
Case 568: 101L 35H 11L
Case 569: 110L 16L 10L 6L
Case 570: 90H 43L 28H
Case 571: 158L 39L 11H
Case 572: 119L 5H 5L
Case 573: 117L 42L 20L
Case 574: 135H 76L 61L
Case 575: 102H 71L 43L
Case 576: 96L 23L 3L
Case 577: 96L 61H 9H
Case 578: 104H 71L 36H
Case 579: 140L 37H 20L
Case 580: 139L 64L 3L
Case 581: 172L 77L 30L
Case 582: 122H 94L 16H
Case 583: 146L 101L 5L
Case 584: 179L 35L 24L 21L
Case 585: 174L 22L 12L 4H
Case 586: 136L 12L 4L
Case 587: 58L 16L 9H
Case 588: 169L 58H 30H
Case 589: 71H 82L 43L
Case 590: 102H 18L 4L
Case 591: 175L 29H 24L
Case 592: 67H 16H 10H
Case 593: 59L 11L 6L 4L
Case 594: 165L 43H 52L
Case 595: 112H 35L 4L
Case 596: 87L 29L 10L
Case 597: 172L 47L 21L
Case 598: 177L 24L 7H 2H
Case 599: 138L 38L 31L
Case 600: 87L 12L 8H
Case 601: 164L 13H 8H
Case 602: 76L 57L 21H
Case 603: 118L 68H 58L
Case 604: 168L 65L 36H
Case 605: 108H 21L 10L
Case 606: 55H 9H
Case 607: 137L 98H 53H
Case 608: 156L 24L 8L
Case 609: 131H 27H 7L
Case 610: 120L 34H 28H
Case 611: 98H 62L 12L
Case 612: 131H 29L 16L
Case 613: 94H 49L 6L
Case 614: 150L 70H 18H
Case 615: 146L 128L 56H
Case 616: 161L 77H 11L
Case 617: 123L 16L 3L
Case 618: 169L 73H 28L
Case 619: 150L 76H 63L
Case 620: 121H 37H 4L
Case 621: 35L 18H 2H
Case 622: 72L 15H 7H 3H
Case 623: 132H 18L 4L
Case 624: 89L 24H 22L
Case 625: 133H 72H 20L
Case 626: 130H 61L 26L
Case 627: 65H 26H 32L
Case 628: 155L 71L 14H
Case 629: 51H 21L 9H
Case 630: 127L 41H 27H
Case 631: 152L 25L 16H
Case 632: 138H 48H 7L
Case 633: 102L 43L 15L
Case 634: 156L 44H 44L
Case 635: 119H 53L 24L
Case 636: 126L 69H 46L
Case 637: 141L 101H 25H
Case 638: 141L 21H 17H
Case 639: 133H 57L 8H
Case 640: 160L 39H 14H
Case 641: 50H 22L 17L
Case 642: 150L 62L 56L
Case 643: 171L 26H 15L 8L
Case 644: 117L 52L 29L
Case 645: 115L 73L 44H
Case 646: 98H 39L 6L
Case 647: 92H 48H 22H
Case 648: 34H 11L 8L
Case 649: 121L 38H 26L
Case 650: 50L 32H 18H
Case 651: 68H 10H 7H
Case 652: 37H 28L
Case 653: 74H 47H 28L
Case 654: 122L 26H 6H
Case 655: 160L 72H 30H
Case 656: 145L 39H 31H
Case 657: 110H 131L 61L
Case 658: 66H 21H 3L
Case 659: 121L 88L 17H
Case 660: 97H 13H 10L
Case 661: 140H 42H 13L
Case 662: 78H 30H 23H
Case 663: 120H 29L 14H
Case 664: 163L 66L 17H
Case 665: 42L 23H 18H
Case 666: 58H 38H 21L
Case 667: 107L 34H 18L
Case 668: 90L 52L 33H
Case 669: 123H 16H 3H
Case 670: 128L 46H 55L
Case 671: 155L 122L 2H
Case 672: 123H 76L 61L
Case 673: 76H 46L 24L
Case 674: 132L 18L 3L
Case 675: 161L 78L 37H
Case 676: 77H 30H 14L
Case 677: 131L 10H 3L 2H
Case 678: 92H 64L
Case 679: 29H 36L
Case 680: 139L 13H 9H
Case 681: 123L 15H 8H
Case 682: 117L 67L 45H
Case 683: 166L 86L 3L
Case 684: 86H 37H 29H
Case 685: 115H 40L 2H
Case 686: 132H 88L 76L
Case 687: 141H 57L 16H
Case 688: 38H 17L 13H 4H
Case 689: 69H 30L 18L
Case 690: 156L 84H 56H
Case 691: 92L 47L 29H
Case 692: 166L 14L 3L
Case 693: 115H 52H 26L
Case 694: 98H 70L 23L
Case 695: 88H 8L 5L
Case 696: 143L 68H 63H
Case 697: 98H 55L 25L
Case 698: 100L 66L 9L
Case 699: 101L 17L 12L
Case 700: 48H 32L 18H
Case 701: 149L 21L 10H
Case 702: 142H 48L 34H
Case 703: 163L 28H 14L
Case 704: 89L 30L 4L
Case 705: 146L 20L 6H 5H
Case 706: 89H 62L 13H
Case 707: 104L 20H 3H
Case 708: 137L 23H 17H
Case 709: 150L 71L 38L
Case 710: 101H 49L 25H
Case 711: 130L 67L 28H
Case 712: 35L 13L 4H
Case 713: 76L 55H 51L
Case 714: 132H 30H 28L
Case 715: 130H 83L 17L
Case 716: 151L 111L 75L
Case 717: 145L 48L 28L
Case 718: 172L 29H 15H
Case 719: 97L 86L 49L
Case 720: 127H 65L 63L
Case 721: 70H 11L 6L
Case 722: 160L 19H 7L
Case 723: 133H 67L 48H
Case 724: 118H 94L 13H
Case 725: 131L 80H 65L
Case 726: 160L 27H 17L 3H
Case 727: 137L 33L 13H
Case 728: 109H 22H 26L
Case 729: 118L 43L 32L
Case 730: 160L 93H 33H
Case 731: 52H 29L 6H
Case 732: 104L 33H 15L
Case 733: 95L 32L 4L
Case 734: 87H 13H 16L
Case 735: 116L 29L 9H
Case 736: 170L 33L 3H
Case 737: 55H 58L 13H
Case 738: 140H 24H 6H
Case 739: 123L 24H 6L
Case 740: 144L 42L 7H
Case 741: 36H 13H 16L
Case 742: 138H 28H 23L
Case 743: 174L 46L 42L
Case 744: 122L 62H 27L
Case 745: 149L 54H 2H
Case 746: 113H 71H 52L
Case 747: 158L 87L 20H
Case 748: 80H 19L 6H
Case 749: 111L 59L 46L
Case 750: 110H 49L 21L
Case 751: 88L 76L 31H
Case 752: 171L 90L 11H
Case 753: 95H 66H 41L
Case 754: 117L 65L 23H
Case 755: 100L 20H 8L
Case 756: 73H 13H 11L
Case 757: 145L 37L 17H
Case 758: 131H 30L 5L
Case 759: 122L 13H 2H
Case 760: 48H 22L 14L
Case 761: 134L 56H 11H
Case 762: 64L 7L 5H
Case 763: 128H 42H 9L
Case 764: 95H 71L 21L
Case 765: 170L 16H 7H
Case 766: 81H 91L 19H
Case 767: 85H 26H 8H
Case 768: 87L 43H 28H
Case 769: 126L 37H 8L
Case 770: 133H 32H 19H
Case 771: 175L 63L 5H
Case 772: 106H 60H 21H
Case 773: 112H 35L 29L
Case 774: 107H 107L 73H
Case 775: 120H 53H 21H
Case 776: 177L 27L 20L
Case 777: 141L 21H 8L 6H
Case 778: 166L 34H 10L 6H
Case 779: 130L 82L 12L
Case 780: 115L 11H 10L
Case 781: 95L 60L 4H
Case 782: 133H 56H 39H
Case 783: 126L 67H 61L
Case 784: 100L 52H 26L
Case 785: 112L 53H 39H
Case 786: 142L 78H 29L
Case 787: 107L 27L 14L
Case 788: 129H 17L 9L
Case 789: 123L 62H 16H
Case 790: 129H 64L 21L
Case 791: 99H 56L 31H
Case 792: 58L 15L 5L
Case 793: 120H 41L 18H
Case 794: 113L 29L 11H
Case 795: 74H 41L 13H
Case 796: 44L 17L 3H
Case 797: 128H 29H 6H
Case 798: 169L 21H 13H
Case 799: 54H 26L 15L
Case 800: 73H 63H 49L
Case 801: 146L 49H 10L
Case 802: 76H 43L 13H
Case 803: 118H 42L 25H
Case 804: 177L 30L 20L 8H
Case 805: 145L 13H 4H 3H
Case 806: 131H 62H 26L
Case 807: 128L 33H 4H
Case 808: 106H 56H 40H
Case 809: 123H 97L 77L
Case 810: 71L 49L 26H
Case 811: 98L 29L 10H 6L
Case 812: 57H 40L 20H
Case 813: 107L 35H
Case 814: 134L 49H 36L
Case 815: 54H 16L 14L
Case 816: 111H 24H 26L 3L
Case 817: 142L 68L 33H
Case 818: 111L 71L 31L
Case 819: 117L 87H 5H
Case 820: 116L 69H 19H
Case 821: 98H 109L 4L
Case 822: 77H 53L 6L
Case 823: 127H 30L 17L
Case 824: 175L 21H 15L
Case 825: 176L 32H 2H
Case 826: 146L 28L 12L
Case 827: 142L 79H 34L
Case 828: 175L 43L 2H
Case 829: 157L 45H 8L
Case 830: 121H 56H 37H
Case 831: 128L 66H 16H
Case 832: 171L 29L 21H
Case 833: 162L 42H 5H
Case 834: 113H 71H 21H
Case 835: 108H 29L 19L
Case 836: 103L 32L 3H
Case 837: 110H 31L 3L
Case 838: 133L 19H 6H
Case 839: 116L 32L 2H
Case 840: 143L 72L 33H
Case 841: 175L 42H 8H
Case 842: 175L 13H 15L
Case 843: 140L 41H 34H
Case 844: 134L 78L 59H
Case 845: 104H 91H 76H
Case 846: 141L 128L 66H
Case 847: 137L 33H 4L
Case 848: 147L 88H 78L
Case 849: 89H 12H 6H 6L
Case 850: 180L 9H
Case 851: 107H 84L 48H
Case 852: 146L 136L 46L
Case 853: 102L 68H 2H
Case 854: 168L 60L 10H
Case 855: 137L 38L 6L
Case 856: 132L 52H 20H
Case 857: 164L 72H 6L
Case 858: 65H 21L 15L
Case 859: 122H 81H 16H
Case 860: 138L 46L 12H
Case 861: 87H 46H 10H
Case 862: 101H 19L 5H
Case 863: 162L 49H 55L
Case 864: 75L 27H 4H
Case 865: 112H 100L 32L
Case 866: 169L 24H 11H 11L
Case 867: 95H 27H 5H
Case 868: 126H 60L 14L
Case 869: 121L 26H 3H
Case 870: 146L 47L 17H
Case 871: 119L 17L 9L 3H
Case 872: 118H 33H 9L
Case 873: 90L 33L 6H
Case 874: 150L 120L
Case 875: 98H 45L 19H
Case 876: 131L 8H 6L
Case 877: 161L 17H 10L
Case 878: 154L 26H 6L
Case 879: 178L 36L 6H 6L
Case 880: 135L 24L 21L
Case 881: 175L 67L 52L
Case 882: 136H 82L 66L
Case 883: 154L 80L 52L
Case 884: 93H 5H 2H
Case 885: 130H 111L 24H
Case 886: 118L 53L 37L
Case 887: 104H 46L 6L
Case 888: 97H 27H 14L
Case 889: 31H 6H 5L
Case 890: 103L 38L 7H
Case 891: 69L 56L 29H
Case 892: 152L 59H 17L
Case 893: 155L 40L 38L
Case 894: 173L 67L 35L
Case 895: 144L 18L 9H
Case 896: 108H 20L 9H
Case 897: 128L 31L 14L
Case 898: 100L 35L 18L
Case 899: 131H 32H 16H 18L
Case 900: 83H 34H 12H
Case 901: 107L 29L 3H
Case 902: 135L 51H 31L
Case 903: 120H 6H 4L
Case 904: 163L 20L 9L
Case 905: 88H 24L 9L
Case 906: 178L 11L 6H 4H
Case 907: 106H 11H 4H 4L
Case 908: 136H 28H 2H
Case 909: 108H 112L 35L
Case 910: 62L 25L 19H
Case 911: 161L 30H 7L
Case 912: 163L 17H 6H
Case 913: 108H 57H 3H
Case 914: 88H 65H 43H
Case 915: 128H 16H 12L
Case 916: 133H 57L 22H
Case 917: 86L 52H 10H
Case 918: 179L 26H 22H 16H
Case 919: 72L 13H 13L 4H
Case 920: 92H 33H 13L
Case 921: 87H 67L 43H
Case 922: 95H 13L 2H
Case 923: 135L 15H 6L
Case 924: 171L 59L 15L
Case 925: 144L 11H 2H
Case 926: 102L 82L 41L
Case 927: 75H 23H
Case 928: 131L 27L 13H
Case 929: 67L 32H 3L
Case 930: 71H 81L 40L
Case 931: 151L 73L 71L
Case 932: 140L 21L 6L
Case 933: 115H 39L 27H
Case 934: 134H 80L 16H
Case 935: 124H 104L 76L
Case 936: 161L 45L 29H
Case 937: 144L 74L 26H
Case 938: 121L 83L 56L
Case 939: 138H 49H 51L
Case 940: 79H 32L 20L
Case 941: 51L 36H 43L
Case 942: 118H 9L 2H
Case 943: 132H 59H 25H
Case 944: 91L 80L 46L
Case 945: 160L 64L 45H
Case 946: 121L 32H 24L
Case 947: 95H 17H 12L
Case 948: 93L 22H 26L
Case 949: 108H 20H 6L
Case 950: 117H 23H 8L
Case 951: 126H 53H 7H
Case 952: 169L 32L 17L
Case 953: 99H 20L 5H
Case 954: 117L 58H 53H
Case 955: 108H 70L 37L
Case 956: 41L 13H 9H
Case 957: 98L 44L 36L
Case 958: 69H 32L 10L
Case 959: 152L 10L 2H
Case 960: 122H 41H 16L
Case 961: 67L 22H
Case 962: 121L 118L 76L
Case 963: 138H 16H 4L
Case 964: 156L 41H 34H
Case 965: 78L 13H 10L
Case 966: 96L 16H 6L
Case 967: 156L 58L 29L
Case 968: 121H 46H 16L
Case 969: 134L 59L
Case 970: 63H 43L 32L
Case 971: 154L 57L 28H
Case 972: 121H 60L 5L
Case 973: 136L 69H 6H
Case 974: 169L 60L 18H
Case 975: 144L 50L 27L
Case 976: 111H 11H 2H
Case 977: 157L 28H 10L
Case 978: 141L 28H 18H
Case 979: 127L 44H 49L
Case 980: 137H 43H 6H
Case 981: 130L 18H 18L
Case 982: 124H 29L 25L
Case 983: 179L 49L 9H
Case 984: 78H 55L 19L
Case 985: 116L 71L 35L
Case 986: 32H 18L 9L
Case 987: 108H 48L 45L
Case 988: 76H 49L 46L
Case 989: 136H 34H 9L
Case 990: 158L 10H 4H
Case 991: 110H 117L
Case 992: 111H 65L 31H
Case 993: 127H 20H 9H
Case 994: 175L 29H 4H
Case 995: 106L 66H 76L
Case 996: 166L 29H 17H
Case 997: 135L 17H 13H
Case 998: 76L 12H 3L
Case 999: 123H 32H 13H 8L
Case 1000: 52H 18H 11L
Case 1001: 122L 24H 13H 12L
Case 1002: 171L 42H 35L
Case 1003: 78L 26L 15H
Case 1004: 101H 98L 86L
Case 1005: 127H 66L 30L
Case 1006: 134L 54H 47L
Case 1007: 142L 83H 77H
Case 1008: 147L 54L 42L
Case 1009: 136L 53L 18L
Case 1010: 154L 25L 6H
Case 1011: 115L 22L 13H 4L
Case 1012: 102L 77L 32H
Case 1013: 133H 89L 61L
Case 1014: 135L 48H 38H
Case 1015: 129H 33H 18H 22L
Case 1016: 131H 111L 20H
Case 1017: 92H 28L 13H
Case 1018: 100L 41H 16L
Case 1019: 150L 26H 15L
Case 1020: 113H 38H 12H
Case 1021: 81L 8L 6H 6L
Case 1022: 83L 16L 7H 6H
Case 1023: 157L 4H
Case 1024: 160L 51H 20H
Case 1025: 129H 30H 9H
Case 1026: 132H 12L 3L
Case 1027: 71H 41L 15L
Case 1028: 154L 81L 59L
Case 1029: 103H 29H 13H
Case 1030: 124L 27L 24L
Case 1031: 89H 65L
Case 1032: 82H 62L 12H
Case 1033: 128L 41H 37H
Case 1034: 145L 18H 17L 12L
Case 1035: 140H 24H 23H 12L
Case 1036: 131H 88L 6L
Case 1037: 176L 41H 18L
Case 1038: 117H 25L 9L
Case 1039: 72H 25H 2H
Case 1040: 176L 17L 7H
Case 1041: 140H 46L 42L
Case 1042: 63H 52L 45L
Case 1043: 106H 49H 24L
Case 1044: 162L 57L 8L
Case 1045: 103L 29L 13H 8H
Case 1046: 76L 16H 11L
Case 1047: 116H 55H 31H
Case 1048: 146L 33H 5L
Case 1049: 104H 24H 18H 12L
Case 1050: 153L 19L 12L 8H
Case 1051: 34L 17L 8L
Case 1052: 117L 48L 21H
Case 1053: 161L 23H 4H
Case 1054: 92L 24H 12H
Case 1055: 112L 82L 43H
Case 1056: 111L 5H 4L
Case 1057: 105L 13L 7L
Case 1058: 178L 28H 13H 3L
Case 1059: 99L 85L
Case 1060: 136H 49L 10L
Case 1061: 164L 62L 5H
Case 1062: 122L 15H 3L
Case 1063: 101L 81L 27H
Case 1064: 151L 91L 42H
Case 1065: 125L 59L 28H
Case 1066: 152L 129L 52L
Case 1067: 44H 42L 20H
Case 1068: 90L 51H 25H
Case 1069: 166L 60H 39H
Case 1070: 128L 18H 13L
Case 1071: 111H 106H 44H
Case 1072: 101L 80L 66L
Case 1073: 59H 23L 3H
Case 1074: 112L 23L 10L
Case 1075: 78H 37H 15L
Case 1076: 132L 102L 24L
Case 1077: 71H 51H 35L
Case 1078: 93H 105L 28H
Case 1079: 159L 18H 18L
Case 1080: 106H 75L 25H
Case 1081: 133H 80L 77L
Case 1082: 77H 16H 10L 6H
Case 1083: 144L 17H 10H
Case 1084: 126H 46H 42H
Case 1085: 95H 31H 26H
Case 1086: 136H 59L 20L
Case 1087: 160L 26L 15H
Case 1088: 128H 113L 18H
Case 1089: 126H 61H 17H
Case 1090: 136H 65L 30H
Case 1091: 139H 41H 2H
Case 1092: 91H 31L 20H
Case 1093: 136H 61H 48H
Case 1094: 166L 109L 11L
Case 1095: 132L 72L 64L
Case 1096: 136H 74H 33L
Case 1097: 173L 50L 15L
Case 1098: 130H 95L 41L
Case 1099: 168L 29L 7H
Case 1100: 117L 55L 13H
Case 1101: 114L 51L
Case 1102: 173L 56H 54H
Case 1103: 132H 67L 43L
Case 1104: 134H 67H 23L
Case 1105: 104H 96H 26H
Case 1106: 158L 16L 8L
Case 1107: 135L 13H 13L
Case 1108: 66L 56L 49L
Case 1109: 98H 39H 4H
Case 1110: 122L 40H 24H
Case 1111: 132H 74H 8H
Case 1112: 140H 38L 5L
Case 1113: 109L 40L 25L
Case 1114: 149L 31H 10H
Case 1115: 37L 26L 21L
Case 1116: 162L 78L 64L
Case 1117: 128H 64L 10L
Case 1118: 88H 25H
Case 1119: 92H 79L 55L
Case 1120: 144L 7L
Case 1121: 138H 82L 13L
Case 1122: 92H 36L 24H
Case 1123: 117L 64H 9L
Case 1124: 113L 17H 7H
Case 1125: 77H 7L 3L
Case 1126: 58H 68L 57L
Case 1127: 116H 58L 23L
Case 1128: 111L 100L 14H
Case 1129: 171L 33H 11L 6L
Case 1130: 55L 26H 4L
Case 1131: 152L 28L 6L
Case 1132: 103L 51H 45L
Case 1133: 166L 20L 13H
Case 1134: 146L 29H 6H 4H
Case 1135: 155L 16L 11H 2H
Case 1136: 122L 56L 24H
Case 1137: 94H 53H 7L
Case 1138: 111L 49L 3L
Case 1139: 123H 44H 22L
Case 1140: 87L 46L 17L
Case 1141: 116L 7L 4H
Case 1142: 136L 34H 11H
Case 1143: 50H 11H 11L 4H
Case 1144: 164L 18L 9L
Case 1145: 139H 50H 14H
Case 1146: 160L 92L 70H
Case 1147: 170L 44L 2H
Case 1148: 122H 77H 56L
Case 1149: 96L 25H 11L 5L
Case 1150: 119L 29H 23L
Case 1151: 119L 47H 27H
Case 1152: 147L 38L 17H
Case 1153: 166L 101L 32H
Case 1154: 157L 21H 7L
Case 1155: 171L 29H 6H 2H
Case 1156: 113H 21H 13L 3L
Case 1157: 151L 27H 9H 6H
Case 1158: 118H 50L 7L
Case 1159: 155L 56L 46L
Case 1160: 140L 45H 18H
Case 1161: 119L 34L 19H
Case 1162: 122H 32H 5H
Case 1163: 113L 33H 10L
Case 1164: 174L 61H 6H
Case 1165: 179L 31L 13L 6H
Case 1166: 72H 14H 5L
Case 1167: 115H 42H 7H
Case 1168: 172L 44L 9L
Case 1169: 125L 66H 38L
Case 1170: 112L 57L 30H
Case 1171: 131L 43L 11H
Case 1172: 123L 42L 3H
Case 1173: 78L 21L 6L
Case 1174: 139L 41H 46L
Case 1175: 101H 61L 21H
Case 1176: 123L 15L 2H
Case 1177: 131L 31L 13L 2H
Case 1178: 74L 12H 11H
Case 1179: 44H 17H 8H
Case 1180: 149L 61L 41H
Case 1181: 106H 26H 11L
Case 1182: 129H 13H 9L
Case 1183: 107H 21L 14L 11H
Case 1184: 67L 28H 16L
Case 1185: 114H 47L 31H
Case 1186: 168L 54L 6H
Case 1187: 123H 117L 42L
Case 1188: 104H 115L 35H
Case 1189: 115L 36H 6L
Case 1190: 111H 102H 76H
Case 1191: 104L 19H 16H 6H
Case 1192: 63H 58H 72L
Case 1193: 125L 10H 10L
