4
No accounting tablet
3
No accounting tablet
16
0
0
33333333
1
1
2577
890
4338
30
2318
5749
No accounting tablet
294
114
4506
19363
8475
2268
504
5737
2776
8079
No accounting tablet
65643
No accounting tablet
3181
No accounting tablet
410
52707
16136
5586
27043
612
477
11227
No accounting tablet
1255
9982
6837
No accounting tablet
76
1741
No accounting tablet
1942
7813
153398
No accounting tablet
No accounting tablet
No accounting tablet
10691
No accounting tablet
No accounting tablet
No accounting tablet
11215
259
19054
1378
No accounting tablet
2828
No accounting tablet
2627
40717
No accounting tablet
7090
4610
5443
5
No accounting tablet
No accounting tablet
1388
3603
1346
23709
464
12531
No accounting tablet
3453
22133
2586
1344
201738
2005
No accounting tablet
526
2491
12761
No accounting tablet
17411
9467
No accounting tablet
No accounting tablet
1279
No accounting tablet
3093
13621
1139
2831
3220
No accounting tablet
3003
2243
16737
1398
762
4061