3
9
25
0
45
0
36
86
2
0
7
999
0
2
0
564
3
0
0
2
8
0
0
4
0
34
11
7
48
14
2
99999
0
6
1
5
2
1
19
2
1
3
0
4
0
103
0
35
8
0
0
72601
0
12
45073
9
4
26
0
1
31
0
3
1
0
4
8
5
0
4
2
299
28
1
6
4619954
9
32159
16
3
1
2
1
30
0
0
90
2
17
0
1
0
1
0
4
0
223
292
18
2
0
120
19363
17
0
228
99
0
2
320
33861
99
92
2
0
220
39
9
45
6
1
0
14
7
0
6
26
3
1201
982
0
48
6
40090
60
160
30
2
6
25
1
0
0
11
2
0
2
3
4
6
241
19
3
51
278
0
2
3
0
2
0
22
214
30
2
39
18
4
451
1313
1
3
26
0
1
8
35931
11
0
4
2
4
2
0
0
4
2
0
8
7
1
999
49474
47
2
60
1
56
2
8
59
0
174
3508073
0
9
2
38164
2
0
6
0
31
1
2
0
0
20
8
7
114
926
32420
3
1366
203
1
0
1
31474
3
0
296
8
45675
33
0
1
4
88
0
1
1
40688
959
240
75
0
1
5
3
8
1
1
22
1
4
99
186
3146
5
162
280
7
112273
6
0
923
0
1
5
99284
4
6
43
19
1
0
8
32
0
2
3
19
2
0
4
1
0
0
2
72428
0
999
4
33
1344
0
20
445
1
9
3
688
42
0
4
2505
1
185
3100
42
3
0
3
0
0
110
1
0
0
2
0
20
0
331
0
0
218
1
0
10
180
2
0
0
0
77633
3162
6
0
71
3
0
301
11
0
5
19
42722
0
0
1
145
472
5
8
1
0
18
0
3
0
0
82
2
2
0
15
66
3
2
3534011
4
84
1
2
4
9
0
1
254
0
1
0
0
25
0
1
15
11
9999
7
0
1
4799
82
5
59019
30
3
39
0
2
23
0
99999
2
0
0
48304
1
1
4
4
1
0
1
1
1
5
0
10396
4
3
0
3
14
0
13
0
7
0
39116
319
1
8
1
30
0
33
5
5
2
45931
0
13
1
2
3
1
55
1
156
3
0
38
4
0
12
52263
0
1
0
0
0
4801
5
55
0
3
2
606
5
0
476
10397
48342
873
3142
0
172
6
3
7
1
1361
51
6
32
0
8
305
4
1
2
1
22
28
28
47
0
2
267
7
7
181
0
373
354
4
5
1
0
71563
4
38150
43702
0
8
22
0
4
1
2
0
25946
64
2
35842
0
0
1
0
0
0
230
6
0
113
62
261
28
4
1
0
0
0
99
0
39617
93
37
1
7
337
1
180
318
2
3
7
1
2
7
7
1
270
1
99
0
345
19
0
0
6
7
2
1
1
30
0
7
986
11
22
30
0
5
2
1
1
77
30
32
17
31
0
42
1
0
0
14
2
56
3
1535
4
1
2
1
9
0
2
1
2
38
0
3
0
1
0
0
0
19298
5
0
30
2
28
37212
0
7
44
19
0
4
0
1
157
0
36981
1
2
0
4
26
192
30
34666
5
3
3124
121
5
1
0
0
7
9
296
9999
6
0
4
300
0
0
36
31
0
95
0
0
0
0
43589
9992
0
2
3
1
20
0
2
1
1
27
8
1
5
5
41
2
19
1671
0
4
31237
37685
31
1
7
4
2
1
9
1
33
2
2
1
0
992
7
1
0
1
1
42
5
0
0
38
1
0
3
0
0
1955
0
3
39
0
293
2
0
4
0
0
5
43
22
441
36338
54257
39
239
1
5
0
41
3
81
0
276
1
52909
3
0
0
16
4
99
511
20
1371
16
324
3
1
7185
34
2
2
8
89
30
6
274
50
0
1
28
12
4333
12
0
304
7
0
27
0
43
2
0
2
1
36
4
4
517
2
0
992
5424128
1
1
39
32
4011579
29
1788
3
0
3
0
0
0
0
7
27
80949
0
0
486
0
11
404
2
5
0
49
0
0
195
41924
45
27
0
0
0
88
0
8
1
2
110
6
0
0
85
9999
1
45
0
0
969
9
1
81
46928
10
4
0
560
0
0
0
315
1
101
0
1248
5
3
30
2
0
84
0
1
2
0
2
1
45
0
2
30
28
0
0
6
0
3
5
0
0
7
8
4
5
1164
1
953
0
0
0
0
6
2
1
32
0
0
4
0
777
8
0
76707
0
422
1
0
3
38
213
0
413
0
4
1037
1
28
2
35
984
11
1
1
16
1
37491
1
32
2
278
68861
2
0
0
0
0
215
3
62944
0
158
0
1
31
3
3
4
1
1
1
51
3
0
0
4
12
0
2
3144
19
0
0
3
57
32
169
0
0
8
0
26
28
0
3
5
408
19
6
5
0
0
4
3096
0
0
359014631
1
4475513
85
3
4922060
5
0
1
27
7192
0
0
0
3
0
1
121
0
14
3
0
2
0
9992
1
9
2
1
0
293
0
401
105
9
1
9
3
9988
45
4
0
1
0
46301
1
1
30
0
0
0
2
126
0
1
0
6
6
0
1
707
1
190
10
982
9
0
1
2
4
1
0
986
35940
99
40
0
11255400
9999
31
1
0
39
2
0
5122054
3
0
36052
0
0
1387
0
9999
17
0
51538
3
31
1
0
129
242
6
41
178
8
1
0
155
1
0
3
1
2
169
332
1
0
4
0
302
4
1
2
19198
3
0
172
2
7
0
1
39
1
0
37
19
38679
707
4
1
4
0
0
119
6
2
982
982
99
6
9
1
18
588
3
0
999
700
0
1
6045848
53
19
999
9999
0
11
0
74
1
76086
0
223
0
289
68
0
168
15
3
341
999
0
4
2
0
0
5
4
34
4
55
35462
314
4
352
0
35
0
1
99
0
15
0
2
43402
3
0
7
1
19
3
1
11
0
4
45
2622
0
19
2
8
0
11
0
1
1237449891
5
88
6
0
677
2
3
999
52
19
354
0
38
4
0
3
0
32
1
0
6
6
439
0
2
120
356
0
6
1
37825
1
0
44
7
6
3098
27
1
2
0
19120
3
9
0
9988
12
217
0
424
0
48
427
43
5
1
0
8
947
325
34
4
2
13
39191
39829
14
0
3
34
0
9988
0
0
0
0
40
0
0
2
4297
0
999
1
1
0
0
99999
3
40
9990
5
0
0
5
3
0
10
0
2
37385
5
29
83
207
1
4
0
31
6
2
0
0
3880896
1
1
326
0
4
2
8
0
0
0
1359
0
2
1
8
2
2
8
6
0
1
3
48
22
1073
1
0
956
6723440
170
0
2
1049
2
47
6
207
0
0
1
9
2
4
40
39
5
24
0
0
4
4
90
1
45314
1
0
1406
0
2
0
9
182
999
2
52659
