TTT
TTR
TTG
TTI
TTX
TTH
TRT
TRR
TRG
TRI
TRX
TRH
TGT
TGR
TGG
TGI
TGX
TGH
TIT
TIR
TIG
TII
TIX
TIH
TXT
TXR
TXG
TXI
TXX
TXH
THT
THR
THG
THI
THX
THH
RTT
RTR
RTG
RTI
RTX
RTH
RRT
RRR
RRG
RRI
RRX
RRH
RGT
RGR
RGG
RGI
RGX
RGH
RIT
RIR
RIG
RII
RIX
RIH
RXT
RXR
RXG
RXI
RXX
RXH
RHT
RHR
RHG
RHI
RHX
RHH
GTT
GTR
GTG
GTI
GTX
GTH
GRT
GRR
GRG
GRI
GRX
GRH
GGT
GGR
GGG
GGI
GGX
GGH
GIT
GIR
GIG
GII
GIX
GIH
GXT
GXR
GXG
GXI
GXX
GXH
GHT
GHR
GHG
GHI
GHX
GHH
ITT
ITR
ITG
ITI
ITX
ITH
IRT
IRR
IRG
IRI
IRX
IRH
IGT
IGR
IGG
IGI
IGX
IGH
IIT
IIR
IIG
III
IIX
IIH
IXT
IXR
IXG
IXI
IXX
IXH
IHT
IHR
IHG
IHI
IHX
IHH
XTT
XTR
XTG
XTI
XTX
XTH
XRT
XRR
XRG
XRI
XRX
XRH
XGT
XGR
XGG
XGI
XGX
XGH
XIT
XIR
XIG
XII
XIX
XIH
XXT
XXR
XXG
XXI
XXX
XXH
XHT
XHR
XHG
XHI
XHX
XHH
HTT
HTR
HTG
HTI
HTX
HTH
HRT
HRR
HRG
HRI
HRX
HRH
HGT
HGR
HGG
HGI
HGX
HGH
HIT
HIR
HIG
HII
HIX
HIH
HXT
HXR
HXG
HXI
HXX
HXH
HHT
HHR
HHG
HHI
HHX
HHH
