1 1 = 1
1 2 = 1
1 3 = 1
1 4 = 1
1 5 = 1
1 6 = 1
1 7 = 1
1 8 = 1
1 9 = 1
1 10 = 1
2 1 = 2
2 2 = 2
2 3 = 2
2 4 = 2
2 5 = 2
2 6 = 2
2 7 = 2
2 8 = 2
2 9 = 2
2 10 = 2
3 1 = 3
3 2 = 2
3 3 = 2
3 4 = 2
3 5 = 2
3 6 = 2
3 7 = 2
3 8 = 2
3 9 = 2
3 10 = 2
4 1 = 4
4 2 = 3
4 3 = 3
4 4 = 3
4 5 = 3
4 6 = 3
4 7 = 3
4 8 = 3
4 9 = 3
4 10 = 3
5 1 = 5
5 2 = 3
5 3 = 3
5 4 = 3
5 5 = 3
5 6 = 3
5 7 = 3
5 8 = 3
5 9 = 3
5 10 = 3
6 1 = 6
6 2 = 3
6 3 = 3
6 4 = 3
6 5 = 3
6 6 = 3
6 7 = 3
6 8 = 3
6 9 = 3
6 10 = 3
7 1 = 7
7 2 = 4
7 3 = 3
7 4 = 3
7 5 = 3
7 6 = 3
7 7 = 3
7 8 = 3
7 9 = 3
7 10 = 3
8 1 = 8
8 2 = 4
8 3 = 4
8 4 = 4
8 5 = 4
8 6 = 4
8 7 = 4
8 8 = 4
8 9 = 4
8 10 = 4
9 1 = 9
9 2 = 5
9 3 = 4
9 4 = 4
9 5 = 4
9 6 = 4
9 7 = 4
9 8 = 4
9 9 = 4
9 10 = 4
10 1 = 10
10 2 = 5
10 3 = 4
10 4 = 4
10 5 = 4
10 6 = 4
10 7 = 4
10 8 = 4
10 9 = 4
10 10 = 4
