Case #1: our language is impossible to understand
Case #2: there are twenty six factorial possibilities
Case #3: so it is okay if you want to just give up
Case #4: xoggk d yl wxo vkkvgo ekso uyl wonw sywy
Case #5: xkf yto akj
Case #6: yabba dabba yabba dabba yabba dabba yabba dabba yabba dabba yabba dabba yabba dabba yabba dooooooooo
Case #7: a b c d e f g h i j k l m n o p q r s t u v y w x y z now i know my abcs
Case #8: next time wont you sing with me
Case #9: in a world of direwolves and lions sometimes the rarest creature is a friend
Case #10: why do programmers always mix up halloween and christmas
Case #11: our code jam is like the pythagorean theorem
Case #12: there is no answer
Case #13: dr zaius dr zaius dr zaius dr zaius ooooooooooooh dr zaius
Case #14: i have bested fruit spike and moon now i shall best you the guy
Case #15: buff tryndamere and amumu
Case #16: you know you want to
Case #17: for those who speak in a tongue do not speak to other people
Case #18: nobody understands them since they are speaking mysteries in the spirit
Case #19: translating text is not goros strength
Case #20: strength is goros strength
Case #21: you want sell things at me boing zooom
Case #22: an eye for an eye and a pigeon for a pigeon
Case #23: let lips do what hands do
Case #24: now that you know googlerese please do not use it to hack into our systems
Case #25: swift as the wind quiet as the forest steady as the mountain
Case #26: right i forgot here in the states you call it a sausage in the mouth
Case #27: oh nooooo goggalor is headed for the orphanage
Case #28: oh my god lets make out
Case #29: pneumonoultramicroscopicsilicovolcanoconiosis
Case #30: all your base are belong to error the spoony bard
