68.3
305.0532857
3.07
4.6
293.2
5
23.9
32
22
144.2
59.01
2
IMPOSSIBLE
45.27571429
1400.240207
139.63
202.475
300.12
551.4337033
8631.05583
273.42
270.075
290.2875
339.64
IMPOSSIBLE
1554.749715
449.6300987
IMPOSSIBLE
2647.557532
2800.087556
IMPOSSIBLE
1481.33961
166.185
IMPOSSIBLE
762.613149
552.3667476
1457.605622
2142.911957
21549.86819
35070.5
263.915
503.34
407.88
IMPOSSIBLE
IMPOSSIBLE
38970.5
360.5
95.78
233.62
496.3073959
1638.773756
776.12375
1404.841842
IMPOSSIBLE
IMPOSSIBLE
196019.5481
389970.5
263.05
311.52
692.81
IMPOSSIBLE
604.9083333
282.9097383
384.11
441.4
562.9638462
653.42
419.7883784
IMPOSSIBLE
IMPOSSIBLE
360.5
531.636
532.2763
632.3455924
632.3954833
389970.5
